[ 2017-01-04T19:36:25+08:00 ] 127.0.0.1 /
INFO: [ app_init ] --START--
INFO: Run Behavior\BuildLiteBehavior [ RunTime:0.000026s ]
INFO: [ app_init ] --END-- [ RunTime:0.000422s ]
INFO: [ app_begin ] --START--
INFO: Run Behavior\ReadHtmlCacheBehavior [ RunTime:0.000360s ]
INFO: [ app_begin ] --END-- [ RunTime:0.000496s ]
SQL: SHOW COLUMNS FROM `yzw_category` [ RunTime:0.0006s ]
SQL: SELECT * FROM `yzw_category` ORDER BY sort desc  [ RunTime:0.0003s ]
SQL: SHOW COLUMNS FROM `yzw_article` [ RunTime:0.0012s ]
SQL: SELECT COUNT(*) AS tp_count FROM `yzw_article` WHERE `is_delete` = 0 AND `is_show` = 1 LIMIT 1   [ RunTime:0.0003s ]
SQL: SELECT * FROM `yzw_article` WHERE `is_delete` = 0 AND `is_show` = 1 ORDER BY addtime desc LIMIT 0,10   [ RunTime:0.0003s ]
SQL: SHOW COLUMNS FROM `yzw_article_tag` [ RunTime:0.0004s ]
SQL: SHOW COLUMNS FROM `yzw_article_tag` [ RunTime:0.0004s ]
SQL: SELECT * FROM `yzw_article_tag` INNER JOIN  yzw_tag ON yzw_article_tag.tid=yzw_tag.tid  WHERE `aid` = '17'  [ RunTime:0.0003s ]
SQL: SHOW COLUMNS FROM `yzw_article_pic` [ RunTime:0.0010s ]
SQL: SELECT `path` FROM `yzw_article_pic` WHERE `aid` = 17 ORDER BY ap_id desc LIMIT 1   [ RunTime:0.0002s ]
SQL: SELECT `cid`,`cid`,`cname` FROM `yzw_category` WHERE `cid` = 28  [ RunTime:0.0002s ]
INFO: [ view_parse ] --START--
INFO: [ template_filter ] --START--
INFO: Run Behavior\ContentReplaceBehavior [ RunTime:0.000172s ]
INFO: [ template_filter ] --END-- [ RunTime:0.000352s ]
NOTIC: [8] Undefined variable: tags F:\github_php\simpleblog\Application\Runtime\Cache\Home\08d30c77e78bd0ac29232fbc421b5dcd.php 第 97 行.
NOTIC: [8] Undefined variable: recommend F:\github_php\simpleblog\Application\Runtime\Cache\Home\08d30c77e78bd0ac29232fbc421b5dcd.php 第 97 行.
NOTIC: [8] Undefined variable: new_comment F:\github_php\simpleblog\Application\Runtime\Cache\Home\08d30c77e78bd0ac29232fbc421b5dcd.php 第 97 行.
NOTIC: [8] Undefined variable: show_link F:\github_php\simpleblog\Application\Runtime\Cache\Home\08d30c77e78bd0ac29232fbc421b5dcd.php 第 97 行.
INFO: Run Behavior\ParseTemplateBehavior [ RunTime:0.026300s ]
INFO: [ view_parse ] --END-- [ RunTime:0.026431s ]
INFO: [ view_filter ] --START--
INFO: Run Behavior\WriteHtmlCacheBehavior [ RunTime:0.000315s ]
INFO: [ view_filter ] --END-- [ RunTime:0.000434s ]
INFO: [ app_end ] --START--
INFO: Run Behavior\ShowPageTraceBehavior [ RunTime:0.000463s ]
INFO: [ app_end ] --END-- [ RunTime:0.000597s ]

[ 2017-01-04T19:36:28+08:00 ] 127.0.0.1 /
INFO: [ app_init ] --START--
INFO: Run Behavior\BuildLiteBehavior [ RunTime:0.000040s ]
INFO: [ app_init ] --END-- [ RunTime:0.000498s ]
INFO: [ app_begin ] --START--
INFO: Run Behavior\ReadHtmlCacheBehavior [ RunTime:0.000575s ]
INFO: [ app_begin ] --END-- [ RunTime:0.000744s ]
SQL: SHOW COLUMNS FROM `yzw_category` [ RunTime:0.0006s ]
SQL: SELECT * FROM `yzw_category` ORDER BY sort desc  [ RunTime:0.0003s ]
SQL: SHOW COLUMNS FROM `yzw_article` [ RunTime:0.0012s ]
SQL: SELECT COUNT(*) AS tp_count FROM `yzw_article` WHERE `is_delete` = 0 AND `is_show` = 1 LIMIT 1   [ RunTime:0.0003s ]
SQL: SELECT * FROM `yzw_article` WHERE `is_delete` = 0 AND `is_show` = 1 ORDER BY addtime desc LIMIT 0,10   [ RunTime:0.0003s ]
SQL: SHOW COLUMNS FROM `yzw_article_tag` [ RunTime:0.0004s ]
SQL: SHOW COLUMNS FROM `yzw_article_tag` [ RunTime:0.0004s ]
SQL: SELECT * FROM `yzw_article_tag` INNER JOIN  yzw_tag ON yzw_article_tag.tid=yzw_tag.tid  WHERE `aid` = '17'  [ RunTime:0.0003s ]
SQL: SHOW COLUMNS FROM `yzw_article_pic` [ RunTime:0.0010s ]
SQL: SELECT `path` FROM `yzw_article_pic` WHERE `aid` = 17 ORDER BY ap_id desc LIMIT 1   [ RunTime:0.0002s ]
SQL: SELECT `cid`,`cid`,`cname` FROM `yzw_category` WHERE `cid` = 28  [ RunTime:0.0003s ]
INFO: [ view_parse ] --START--
INFO: [ template_filter ] --START--
INFO: Run Behavior\ContentReplaceBehavior [ RunTime:0.000171s ]
INFO: [ template_filter ] --END-- [ RunTime:0.000322s ]
NOTIC: [8] Undefined variable: tags F:\github_php\simpleblog\Application\Runtime\Cache\Home\08d30c77e78bd0ac29232fbc421b5dcd.php 第 97 行.
NOTIC: [8] Undefined variable: recommend F:\github_php\simpleblog\Application\Runtime\Cache\Home\08d30c77e78bd0ac29232fbc421b5dcd.php 第 97 行.
NOTIC: [8] Undefined variable: new_comment F:\github_php\simpleblog\Application\Runtime\Cache\Home\08d30c77e78bd0ac29232fbc421b5dcd.php 第 97 行.
NOTIC: [8] Undefined variable: show_link F:\github_php\simpleblog\Application\Runtime\Cache\Home\08d30c77e78bd0ac29232fbc421b5dcd.php 第 97 行.
INFO: Run Behavior\ParseTemplateBehavior [ RunTime:0.028151s ]
INFO: [ view_parse ] --END-- [ RunTime:0.028286s ]
INFO: [ view_filter ] --START--
INFO: Run Behavior\WriteHtmlCacheBehavior [ RunTime:0.000326s ]
INFO: [ view_filter ] --END-- [ RunTime:0.000445s ]
INFO: [ app_end ] --START--
INFO: Run Behavior\ShowPageTraceBehavior [ RunTime:0.000607s ]
INFO: [ app_end ] --END-- [ RunTime:0.000765s ]

[ 2017-01-04T19:36:29+08:00 ] 127.0.0.1 /
INFO: [ app_init ] --START--
INFO: Run Behavior\BuildLiteBehavior [ RunTime:0.000036s ]
INFO: [ app_init ] --END-- [ RunTime:0.000517s ]
INFO: [ app_begin ] --START--
INFO: Run Behavior\ReadHtmlCacheBehavior [ RunTime:0.000583s ]
INFO: [ app_begin ] --END-- [ RunTime:0.000789s ]
SQL: SHOW COLUMNS FROM `yzw_category` [ RunTime:0.0015s ]
SQL: SELECT * FROM `yzw_category` ORDER BY sort desc  [ RunTime:0.0003s ]
SQL: SHOW COLUMNS FROM `yzw_article` [ RunTime:0.0006s ]
SQL: SELECT COUNT(*) AS tp_count FROM `yzw_article` WHERE `is_delete` = 0 AND `is_show` = 1 LIMIT 1   [ RunTime:0.0003s ]
SQL: SELECT * FROM `yzw_article` WHERE `is_delete` = 0 AND `is_show` = 1 ORDER BY addtime desc LIMIT 0,10   [ RunTime:0.0003s ]
SQL: SHOW COLUMNS FROM `yzw_article_tag` [ RunTime:0.0013s ]
SQL: SHOW COLUMNS FROM `yzw_article_tag` [ RunTime:0.0005s ]
SQL: SELECT * FROM `yzw_article_tag` INNER JOIN  yzw_tag ON yzw_article_tag.tid=yzw_tag.tid  WHERE `aid` = '17'  [ RunTime:0.0012s ]
SQL: SHOW COLUMNS FROM `yzw_article_pic` [ RunTime:0.0017s ]
SQL: SELECT `path` FROM `yzw_article_pic` WHERE `aid` = 17 ORDER BY ap_id desc LIMIT 1   [ RunTime:0.0003s ]
SQL: SELECT `cid`,`cid`,`cname` FROM `yzw_category` WHERE `cid` = 28  [ RunTime:0.0002s ]
INFO: [ view_parse ] --START--
INFO: [ template_filter ] --START--
INFO: Run Behavior\ContentReplaceBehavior [ RunTime:0.000163s ]
INFO: [ template_filter ] --END-- [ RunTime:0.000305s ]
NOTIC: [8] Undefined variable: tags F:\github_php\simpleblog\Application\Runtime\Cache\Home\08d30c77e78bd0ac29232fbc421b5dcd.php 第 97 行.
NOTIC: [8] Undefined variable: recommend F:\github_php\simpleblog\Application\Runtime\Cache\Home\08d30c77e78bd0ac29232fbc421b5dcd.php 第 97 行.
NOTIC: [8] Undefined variable: new_comment F:\github_php\simpleblog\Application\Runtime\Cache\Home\08d30c77e78bd0ac29232fbc421b5dcd.php 第 97 行.
NOTIC: [8] Undefined variable: show_link F:\github_php\simpleblog\Application\Runtime\Cache\Home\08d30c77e78bd0ac29232fbc421b5dcd.php 第 97 行.
INFO: Run Behavior\ParseTemplateBehavior [ RunTime:0.030989s ]
INFO: [ view_parse ] --END-- [ RunTime:0.031141s ]
INFO: [ view_filter ] --START--
INFO: Run Behavior\WriteHtmlCacheBehavior [ RunTime:0.000334s ]
INFO: [ view_filter ] --END-- [ RunTime:0.000458s ]
INFO: [ app_end ] --START--
INFO: Run Behavior\ShowPageTraceBehavior [ RunTime:0.000515s ]
INFO: [ app_end ] --END-- [ RunTime:0.000653s ]

