[ 2016-12-16T13:07:40+08:00 ] 127.0.0.1 /favicon.ico
INFO: [ app_init ] --START--
INFO: Run Behavior\BuildLiteBehavior [ RunTime:0.000000s ]
INFO: [ app_init ] --END-- [ RunTime:0.001000s ]
ERR: 无法加载模块:Favicon

[ 2016-12-16T16:58:53+08:00 ] 127.0.0.1 /Upload/image/ueditor/20150601/1433171136139793.jpg
INFO: [ app_init ] --START--
INFO: Run Behavior\BuildLiteBehavior [ RunTime:0.000000s ]
INFO: [ app_init ] --END-- [ RunTime:0.001000s ]
ERR: 无法加载模块:Upload

[ 2016-12-16T16:59:47+08:00 ] 127.0.0.1 /Upload/image/ueditor/20150601/1433171136139793.jpg
INFO: [ app_init ] --START--
INFO: Run Behavior\BuildLiteBehavior [ RunTime:0.000000s ]
INFO: [ app_init ] --END-- [ RunTime:0.000000s ]
ERR: 无法加载模块:Upload

[ 2016-12-16T17:02:56+08:00 ] 127.0.0.1 /Upload/image/ueditor/20150601/1433171136139793.jpg
INFO: [ app_init ] --START--
INFO: Run Behavior\BuildLiteBehavior [ RunTime:0.000000s ]
INFO: [ app_init ] --END-- [ RunTime:0.004000s ]
ERR: 无法加载模块:Upload

[ 2016-12-16T17:10:08+08:00 ] 127.0.0.1 /Upload/image/ueditor/20150601/1433171136139793.jpg
INFO: [ app_init ] --START--
INFO: Run Behavior\BuildLiteBehavior [ RunTime:0.000000s ]
INFO: [ app_init ] --END-- [ RunTime:0.000000s ]
ERR: 无法加载模块:Upload

[ 2016-12-16T17:10:09+08:00 ] 127.0.0.1 /__HOME_IMAGE__/sina-login.png
INFO: [ app_init ] --START--
INFO: Run Behavior\BuildLiteBehavior [ RunTime:0.000000s ]
INFO: [ app_init ] --END-- [ RunTime:0.003000s ]
ERR: 无法加载模块:__HOME_IMAGE__

[ 2016-12-16T17:10:09+08:00 ] 127.0.0.1 /__HOME_IMAGE__/qq-login.png
INFO: [ app_init ] --START--
INFO: Run Behavior\BuildLiteBehavior [ RunTime:0.000000s ]
INFO: [ app_init ] --END-- [ RunTime:0.004000s ]
ERR: 无法加载模块:__HOME_IMAGE__

[ 2016-12-16T17:10:09+08:00 ] 127.0.0.1 /__HOME_IMAGE__/douban-login.png
INFO: [ app_init ] --START--
INFO: Run Behavior\BuildLiteBehavior [ RunTime:0.000000s ]
INFO: [ app_init ] --END-- [ RunTime:0.001000s ]
ERR: 无法加载模块:__HOME_IMAGE__

[ 2016-12-16T17:10:09+08:00 ] 127.0.0.1 /__HOME_IMAGE__/kaixin-login.png
INFO: [ app_init ] --START--
INFO: Run Behavior\BuildLiteBehavior [ RunTime:0.000000s ]
INFO: [ app_init ] --END-- [ RunTime:0.002000s ]
ERR: 无法加载模块:__HOME_IMAGE__

[ 2016-12-16T17:10:09+08:00 ] 127.0.0.1 /__HOME_IMAGE__/renren-login.png
INFO: [ app_init ] --START--
INFO: Run Behavior\BuildLiteBehavior [ RunTime:0.000000s ]
INFO: [ app_init ] --END-- [ RunTime:0.002000s ]
ERR: 无法加载模块:__HOME_IMAGE__

[ 2016-12-16T17:11:58+08:00 ] 127.0.0.1 /Upload/image/ueditor/20150601/1433171136139793.jpg
INFO: [ app_init ] --START--
INFO: Run Behavior\BuildLiteBehavior [ RunTime:0.000000s ]
INFO: [ app_init ] --END-- [ RunTime:0.003000s ]
ERR: 无法加载模块:Upload

[ 2016-12-16T17:11:58+08:00 ] 127.0.0.1 /__HOME_IMAGE__/qq-login.png
INFO: [ app_init ] --START--
INFO: Run Behavior\BuildLiteBehavior [ RunTime:0.000000s ]
INFO: [ app_init ] --END-- [ RunTime:0.004001s ]
ERR: 无法加载模块:__HOME_IMAGE__

[ 2016-12-16T17:11:58+08:00 ] 127.0.0.1 /__HOME_IMAGE__/sina-login.png
INFO: [ app_init ] --START--
INFO: Run Behavior\BuildLiteBehavior [ RunTime:0.000000s ]
INFO: [ app_init ] --END-- [ RunTime:0.003001s ]
ERR: 无法加载模块:__HOME_IMAGE__

[ 2016-12-16T17:11:58+08:00 ] 127.0.0.1 /__HOME_IMAGE__/renren-login.png
INFO: [ app_init ] --START--
INFO: Run Behavior\BuildLiteBehavior [ RunTime:0.000000s ]
INFO: [ app_init ] --END-- [ RunTime:0.004001s ]
ERR: 无法加载模块:__HOME_IMAGE__

[ 2016-12-16T17:11:58+08:00 ] 127.0.0.1 /__HOME_IMAGE__/kaixin-login.png
INFO: [ app_init ] --START--
INFO: Run Behavior\BuildLiteBehavior [ RunTime:0.000000s ]
INFO: [ app_init ] --END-- [ RunTime:0.003001s ]
ERR: 无法加载模块:__HOME_IMAGE__

[ 2016-12-16T17:11:58+08:00 ] 127.0.0.1 /__HOME_IMAGE__/douban-login.png
INFO: [ app_init ] --START--
INFO: Run Behavior\BuildLiteBehavior [ RunTime:0.001000s ]
INFO: [ app_init ] --END-- [ RunTime:0.005000s ]
ERR: 无法加载模块:__HOME_IMAGE__

[ 2016-12-16T17:21:39+08:00 ] 127.0.0.1 /__HOME_IMAGE__/kaixin-login.png
INFO: [ app_init ] --START--
INFO: Run Behavior\BuildLiteBehavior [ RunTime:0.000000s ]
INFO: [ app_init ] --END-- [ RunTime:0.002001s ]
ERR: 无法加载模块:__HOME_IMAGE__

[ 2016-12-16T17:21:39+08:00 ] 127.0.0.1 /__HOME_IMAGE__/qq-login.png
INFO: [ app_init ] --START--
INFO: Run Behavior\BuildLiteBehavior [ RunTime:0.000000s ]
INFO: [ app_init ] --END-- [ RunTime:0.003000s ]
ERR: 无法加载模块:__HOME_IMAGE__

[ 2016-12-16T17:21:39+08:00 ] 127.0.0.1 /__HOME_IMAGE__/sina-login.png
INFO: [ app_init ] --START--
INFO: Run Behavior\BuildLiteBehavior [ RunTime:0.000000s ]
INFO: [ app_init ] --END-- [ RunTime:0.001000s ]
ERR: 无法加载模块:__HOME_IMAGE__

[ 2016-12-16T17:21:39+08:00 ] 127.0.0.1 /__HOME_IMAGE__/douban-login.png
INFO: [ app_init ] --START--
INFO: Run Behavior\BuildLiteBehavior [ RunTime:0.000000s ]
INFO: [ app_init ] --END-- [ RunTime:0.000000s ]
ERR: 无法加载模块:__HOME_IMAGE__

[ 2016-12-16T17:21:39+08:00 ] 127.0.0.1 /__HOME_IMAGE__/renren-login.png
INFO: [ app_init ] --START--
INFO: Run Behavior\BuildLiteBehavior [ RunTime:0.000000s ]
INFO: [ app_init ] --END-- [ RunTime:0.001000s ]
ERR: 无法加载模块:__HOME_IMAGE__

[ 2016-12-16T17:21:39+08:00 ] 127.0.0.1 /Upload/image/ueditor/20150601/1433171136139793.jpg
INFO: [ app_init ] --START--
INFO: Run Behavior\BuildLiteBehavior [ RunTime:0.000000s ]
INFO: [ app_init ] --END-- [ RunTime:0.032001s ]
ERR: 无法加载模块:Upload

[ 2016-12-16T17:21:40+08:00 ] 127.0.0.1 /Upload/image/ueditor/20150601/1433171136139793.jpg
INFO: [ app_init ] --START--
INFO: Run Behavior\BuildLiteBehavior [ RunTime:0.000000s ]
INFO: [ app_init ] --END-- [ RunTime:0.001000s ]
ERR: 无法加载模块:Upload

[ 2016-12-16T17:21:40+08:00 ] 127.0.0.1 /__HOME_IMAGE__/qq-login.png
INFO: [ app_init ] --START--
INFO: Run Behavior\BuildLiteBehavior [ RunTime:0.000000s ]
INFO: [ app_init ] --END-- [ RunTime:0.001000s ]
ERR: 无法加载模块:__HOME_IMAGE__

[ 2016-12-16T17:21:40+08:00 ] 127.0.0.1 /__HOME_IMAGE__/renren-login.png
INFO: [ app_init ] --START--
INFO: Run Behavior\BuildLiteBehavior [ RunTime:0.000000s ]
INFO: [ app_init ] --END-- [ RunTime:0.001000s ]
ERR: 无法加载模块:__HOME_IMAGE__

[ 2016-12-16T17:21:40+08:00 ] 127.0.0.1 /__HOME_IMAGE__/douban-login.png
INFO: [ app_init ] --START--
INFO: Run Behavior\BuildLiteBehavior [ RunTime:0.000000s ]
INFO: [ app_init ] --END-- [ RunTime:0.002000s ]
ERR: 无法加载模块:__HOME_IMAGE__

[ 2016-12-16T17:21:40+08:00 ] 127.0.0.1 /__HOME_IMAGE__/sina-login.png
INFO: [ app_init ] --START--
INFO: Run Behavior\BuildLiteBehavior [ RunTime:0.000000s ]
INFO: [ app_init ] --END-- [ RunTime:0.001000s ]
ERR: 无法加载模块:__HOME_IMAGE__

[ 2016-12-16T17:21:40+08:00 ] 127.0.0.1 /__HOME_IMAGE__/kaixin-login.png
INFO: [ app_init ] --START--
INFO: Run Behavior\BuildLiteBehavior [ RunTime:0.000000s ]
INFO: [ app_init ] --END-- [ RunTime:0.001000s ]
ERR: 无法加载模块:__HOME_IMAGE__

[ 2016-12-16T17:21:41+08:00 ] 127.0.0.1 /Upload/image/ueditor/20150601/1433171136139793.jpg
INFO: [ app_init ] --START--
INFO: Run Behavior\BuildLiteBehavior [ RunTime:0.000000s ]
INFO: [ app_init ] --END-- [ RunTime:0.022001s ]
ERR: 无法加载模块:Upload

[ 2016-12-16T17:21:41+08:00 ] 127.0.0.1 /__HOME_IMAGE__/qq-login.png
INFO: [ app_init ] --START--
INFO: Run Behavior\BuildLiteBehavior [ RunTime:0.000000s ]
INFO: [ app_init ] --END-- [ RunTime:0.006000s ]
ERR: 无法加载模块:__HOME_IMAGE__

[ 2016-12-16T17:21:41+08:00 ] 127.0.0.1 /__HOME_IMAGE__/renren-login.png
INFO: [ app_init ] --START--
INFO: Run Behavior\BuildLiteBehavior [ RunTime:0.000000s ]
INFO: [ app_init ] --END-- [ RunTime:0.001000s ]
ERR: 无法加载模块:__HOME_IMAGE__

[ 2016-12-16T17:21:41+08:00 ] 127.0.0.1 /__HOME_IMAGE__/kaixin-login.png
INFO: [ app_init ] --START--
INFO: Run Behavior\BuildLiteBehavior [ RunTime:0.001000s ]
INFO: [ app_init ] --END-- [ RunTime:0.006000s ]
ERR: 无法加载模块:__HOME_IMAGE__

[ 2016-12-16T17:21:41+08:00 ] 127.0.0.1 /__HOME_IMAGE__/douban-login.png
INFO: [ app_init ] --START--
INFO: Run Behavior\BuildLiteBehavior [ RunTime:0.000000s ]
INFO: [ app_init ] --END-- [ RunTime:0.005000s ]
ERR: 无法加载模块:__HOME_IMAGE__

[ 2016-12-16T17:21:41+08:00 ] 127.0.0.1 /__HOME_IMAGE__/sina-login.png
INFO: [ app_init ] --START--
INFO: Run Behavior\BuildLiteBehavior [ RunTime:0.000000s ]
INFO: [ app_init ] --END-- [ RunTime:0.001000s ]
ERR: 无法加载模块:__HOME_IMAGE__

[ 2016-12-16T17:35:26+08:00 ] 127.0.0.1 /__HOME_IMAGE__/qq-login.png
INFO: [ app_init ] --START--
INFO: Run Behavior\BuildLiteBehavior [ RunTime:0.000000s ]
INFO: [ app_init ] --END-- [ RunTime:0.003000s ]
ERR: 无法加载模块:__HOME_IMAGE__

[ 2016-12-16T17:35:26+08:00 ] 127.0.0.1 /__HOME_IMAGE__/douban-login.png
INFO: [ app_init ] --START--
INFO: Run Behavior\BuildLiteBehavior [ RunTime:0.000000s ]
INFO: [ app_init ] --END-- [ RunTime:0.001000s ]
ERR: 无法加载模块:__HOME_IMAGE__

[ 2016-12-16T17:35:26+08:00 ] 127.0.0.1 /Upload/image/ueditor/20150601/1433171136139793.jpg
INFO: [ app_init ] --START--
INFO: Run Behavior\BuildLiteBehavior [ RunTime:0.000000s ]
INFO: [ app_init ] --END-- [ RunTime:0.001000s ]
ERR: 无法加载模块:Upload

[ 2016-12-16T17:35:26+08:00 ] 127.0.0.1 /__HOME_IMAGE__/kaixin-login.png
INFO: [ app_init ] --START--
INFO: Run Behavior\BuildLiteBehavior [ RunTime:0.000000s ]
INFO: [ app_init ] --END-- [ RunTime:0.001001s ]
ERR: 无法加载模块:__HOME_IMAGE__

[ 2016-12-16T17:35:26+08:00 ] 127.0.0.1 /__HOME_IMAGE__/renren-login.png
INFO: [ app_init ] --START--
INFO: Run Behavior\BuildLiteBehavior [ RunTime:0.000000s ]
INFO: [ app_init ] --END-- [ RunTime:0.001001s ]
ERR: 无法加载模块:__HOME_IMAGE__

[ 2016-12-16T17:35:26+08:00 ] 127.0.0.1 /__HOME_IMAGE__/sina-login.png
INFO: [ app_init ] --START--
INFO: Run Behavior\BuildLiteBehavior [ RunTime:0.000000s ]
INFO: [ app_init ] --END-- [ RunTime:0.002000s ]
ERR: 无法加载模块:__HOME_IMAGE__

[ 2016-12-16T17:35:28+08:00 ] 127.0.0.1 /Upload/image/ueditor/20150601/1433171136139793.jpg
INFO: [ app_init ] --START--
INFO: Run Behavior\BuildLiteBehavior [ RunTime:0.000000s ]
INFO: [ app_init ] --END-- [ RunTime:0.000000s ]
ERR: 无法加载模块:Upload

[ 2016-12-16T17:35:28+08:00 ] 127.0.0.1 /__HOME_IMAGE__/sina-login.png
INFO: [ app_init ] --START--
INFO: Run Behavior\BuildLiteBehavior [ RunTime:0.000000s ]
INFO: [ app_init ] --END-- [ RunTime:0.000000s ]
ERR: 无法加载模块:__HOME_IMAGE__

[ 2016-12-16T17:35:28+08:00 ] 127.0.0.1 /__HOME_IMAGE__/qq-login.png
INFO: [ app_init ] --START--
INFO: Run Behavior\BuildLiteBehavior [ RunTime:0.001000s ]
INFO: [ app_init ] --END-- [ RunTime:0.003000s ]
ERR: 无法加载模块:__HOME_IMAGE__

[ 2016-12-16T17:35:28+08:00 ] 127.0.0.1 /__HOME_IMAGE__/renren-login.png
INFO: [ app_init ] --START--
INFO: Run Behavior\BuildLiteBehavior [ RunTime:0.000000s ]
INFO: [ app_init ] --END-- [ RunTime:0.001000s ]
ERR: 无法加载模块:__HOME_IMAGE__

[ 2016-12-16T17:35:28+08:00 ] 127.0.0.1 /__HOME_IMAGE__/kaixin-login.png
INFO: [ app_init ] --START--
INFO: Run Behavior\BuildLiteBehavior [ RunTime:0.000000s ]
INFO: [ app_init ] --END-- [ RunTime:0.001000s ]
ERR: 无法加载模块:__HOME_IMAGE__

[ 2016-12-16T17:35:28+08:00 ] 127.0.0.1 /__HOME_IMAGE__/douban-login.png
INFO: [ app_init ] --START--
INFO: Run Behavior\BuildLiteBehavior [ RunTime:0.000000s ]
INFO: [ app_init ] --END-- [ RunTime:0.001001s ]
ERR: 无法加载模块:__HOME_IMAGE__

[ 2016-12-16T17:35:29+08:00 ] 127.0.0.1 /Upload/image/ueditor/20150601/1433171136139793.jpg
INFO: [ app_init ] --START--
INFO: Run Behavior\BuildLiteBehavior [ RunTime:0.000000s ]
INFO: [ app_init ] --END-- [ RunTime:0.002000s ]
ERR: 无法加载模块:Upload

[ 2016-12-16T17:35:29+08:00 ] 127.0.0.1 /__HOME_IMAGE__/qq-login.png
INFO: [ app_init ] --START--
INFO: Run Behavior\BuildLiteBehavior [ RunTime:0.000000s ]
INFO: [ app_init ] --END-- [ RunTime:0.001000s ]
ERR: 无法加载模块:__HOME_IMAGE__

[ 2016-12-16T17:35:29+08:00 ] 127.0.0.1 /__HOME_IMAGE__/sina-login.png
INFO: [ app_init ] --START--
INFO: Run Behavior\BuildLiteBehavior [ RunTime:0.000000s ]
INFO: [ app_init ] --END-- [ RunTime:0.001000s ]
ERR: 无法加载模块:__HOME_IMAGE__

[ 2016-12-16T17:35:29+08:00 ] 127.0.0.1 /__HOME_IMAGE__/renren-login.png
INFO: [ app_init ] --START--
INFO: Run Behavior\BuildLiteBehavior [ RunTime:0.000000s ]
INFO: [ app_init ] --END-- [ RunTime:0.001001s ]
ERR: 无法加载模块:__HOME_IMAGE__

[ 2016-12-16T17:35:29+08:00 ] 127.0.0.1 /__HOME_IMAGE__/kaixin-login.png
INFO: [ app_init ] --START--
INFO: Run Behavior\BuildLiteBehavior [ RunTime:0.000000s ]
INFO: [ app_init ] --END-- [ RunTime:0.001000s ]
ERR: 无法加载模块:__HOME_IMAGE__

[ 2016-12-16T17:35:29+08:00 ] 127.0.0.1 /__HOME_IMAGE__/douban-login.png
INFO: [ app_init ] --START--
INFO: Run Behavior\BuildLiteBehavior [ RunTime:0.000000s ]
INFO: [ app_init ] --END-- [ RunTime:0.000000s ]
ERR: 无法加载模块:__HOME_IMAGE__

[ 2016-12-16T17:35:29+08:00 ] 127.0.0.1 /Upload/image/ueditor/20150601/1433171136139793.jpg
INFO: [ app_init ] --START--
INFO: Run Behavior\BuildLiteBehavior [ RunTime:0.000000s ]
INFO: [ app_init ] --END-- [ RunTime:0.001000s ]
ERR: 无法加载模块:Upload

[ 2016-12-16T17:35:29+08:00 ] 127.0.0.1 /__HOME_IMAGE__/kaixin-login.png
INFO: [ app_init ] --START--
INFO: Run Behavior\BuildLiteBehavior [ RunTime:0.000000s ]
INFO: [ app_init ] --END-- [ RunTime:0.001000s ]
ERR: 无法加载模块:__HOME_IMAGE__

[ 2016-12-16T17:35:29+08:00 ] 127.0.0.1 /__HOME_IMAGE__/sina-login.png
INFO: [ app_init ] --START--
INFO: Run Behavior\BuildLiteBehavior [ RunTime:0.000000s ]
INFO: [ app_init ] --END-- [ RunTime:0.001000s ]
ERR: 无法加载模块:__HOME_IMAGE__

[ 2016-12-16T17:35:29+08:00 ] 127.0.0.1 /__HOME_IMAGE__/renren-login.png
INFO: [ app_init ] --START--
INFO: Run Behavior\BuildLiteBehavior [ RunTime:0.000000s ]
INFO: [ app_init ] --END-- [ RunTime:0.003000s ]
ERR: 无法加载模块:__HOME_IMAGE__

[ 2016-12-16T17:35:29+08:00 ] 127.0.0.1 /__HOME_IMAGE__/douban-login.png
INFO: [ app_init ] --START--
INFO: Run Behavior\BuildLiteBehavior [ RunTime:0.000000s ]
INFO: [ app_init ] --END-- [ RunTime:0.001000s ]
ERR: 无法加载模块:__HOME_IMAGE__

[ 2016-12-16T17:35:29+08:00 ] 127.0.0.1 /__HOME_IMAGE__/qq-login.png
INFO: [ app_init ] --START--
INFO: Run Behavior\BuildLiteBehavior [ RunTime:0.000000s ]
INFO: [ app_init ] --END-- [ RunTime:0.003000s ]
ERR: 无法加载模块:__HOME_IMAGE__

[ 2016-12-16T17:36:09+08:00 ] 127.0.0.1 /Upload/image/ueditor/20150601/1433171136139793.jpg
INFO: [ app_init ] --START--
INFO: Run Behavior\BuildLiteBehavior [ RunTime:0.000000s ]
INFO: [ app_init ] --END-- [ RunTime:0.001000s ]
ERR: 无法加载模块:Upload

[ 2016-12-16T17:36:09+08:00 ] 127.0.0.1 /__HOME_IMAGE__/qq-login.png
INFO: [ app_init ] --START--
INFO: Run Behavior\BuildLiteBehavior [ RunTime:0.000000s ]
INFO: [ app_init ] --END-- [ RunTime:0.003000s ]
ERR: 无法加载模块:__HOME_IMAGE__

[ 2016-12-16T17:36:09+08:00 ] 127.0.0.1 /__HOME_IMAGE__/renren-login.png
INFO: [ app_init ] --START--
INFO: Run Behavior\BuildLiteBehavior [ RunTime:0.000000s ]
INFO: [ app_init ] --END-- [ RunTime:0.002000s ]
ERR: 无法加载模块:__HOME_IMAGE__

[ 2016-12-16T17:36:09+08:00 ] 127.0.0.1 /__HOME_IMAGE__/kaixin-login.png
INFO: [ app_init ] --START--
INFO: Run Behavior\BuildLiteBehavior [ RunTime:0.000000s ]
INFO: [ app_init ] --END-- [ RunTime:0.001000s ]
ERR: 无法加载模块:__HOME_IMAGE__

[ 2016-12-16T17:36:09+08:00 ] 127.0.0.1 /__HOME_IMAGE__/douban-login.png
INFO: [ app_init ] --START--
INFO: Run Behavior\BuildLiteBehavior [ RunTime:0.000000s ]
INFO: [ app_init ] --END-- [ RunTime:0.001000s ]
ERR: 无法加载模块:__HOME_IMAGE__

[ 2016-12-16T17:36:09+08:00 ] 127.0.0.1 /__HOME_IMAGE__/sina-login.png
INFO: [ app_init ] --START--
INFO: Run Behavior\BuildLiteBehavior [ RunTime:0.000000s ]
INFO: [ app_init ] --END-- [ RunTime:0.000000s ]
ERR: 无法加载模块:__HOME_IMAGE__

[ 2016-12-16T17:54:16+08:00 ] 127.0.0.1 /Upload/image/ueditor/20150601/1433171136139793.jpg
INFO: [ app_init ] --START--
INFO: Run Behavior\BuildLiteBehavior [ RunTime:0.000000s ]
INFO: [ app_init ] --END-- [ RunTime:0.003000s ]
ERR: 无法加载模块:Upload

[ 2016-12-16T17:54:16+08:00 ] 127.0.0.1 /__HOME_IMAGE__/sina-login.png
INFO: [ app_init ] --START--
INFO: Run Behavior\BuildLiteBehavior [ RunTime:0.000000s ]
INFO: [ app_init ] --END-- [ RunTime:0.005000s ]
ERR: 无法加载模块:__HOME_IMAGE__

[ 2016-12-16T17:54:16+08:00 ] 127.0.0.1 /__HOME_IMAGE__/qq-login.png
INFO: [ app_init ] --START--
INFO: Run Behavior\BuildLiteBehavior [ RunTime:0.000000s ]
INFO: [ app_init ] --END-- [ RunTime:0.013001s ]
ERR: 无法加载模块:__HOME_IMAGE__

[ 2016-12-16T17:54:16+08:00 ] 127.0.0.1 /__HOME_IMAGE__/kaixin-login.png
INFO: [ app_init ] --START--
INFO: Run Behavior\BuildLiteBehavior [ RunTime:0.000000s ]
INFO: [ app_init ] --END-- [ RunTime:0.000000s ]
ERR: 无法加载模块:__HOME_IMAGE__

[ 2016-12-16T17:54:16+08:00 ] 127.0.0.1 /__HOME_IMAGE__/renren-login.png
INFO: [ app_init ] --START--
INFO: Run Behavior\BuildLiteBehavior [ RunTime:0.000000s ]
INFO: [ app_init ] --END-- [ RunTime:0.001000s ]
ERR: 无法加载模块:__HOME_IMAGE__

[ 2016-12-16T17:54:16+08:00 ] 127.0.0.1 /__HOME_IMAGE__/douban-login.png
INFO: [ app_init ] --START--
INFO: Run Behavior\BuildLiteBehavior [ RunTime:0.000000s ]
INFO: [ app_init ] --END-- [ RunTime:0.001000s ]
ERR: 无法加载模块:__HOME_IMAGE__

[ 2016-12-16T17:56:38+08:00 ] 127.0.0.1 /Upload/image/ueditor/20150601/1433171136139793.jpg
INFO: [ app_init ] --START--
INFO: Run Behavior\BuildLiteBehavior [ RunTime:0.001001s ]
INFO: [ app_init ] --END-- [ RunTime:0.001001s ]
ERR: 无法加载模块:Upload

[ 2016-12-16T17:56:38+08:00 ] 127.0.0.1 /__HOME_IMAGE__/sina-login.png
INFO: [ app_init ] --START--
INFO: Run Behavior\BuildLiteBehavior [ RunTime:0.000000s ]
INFO: [ app_init ] --END-- [ RunTime:0.000000s ]
ERR: 无法加载模块:__HOME_IMAGE__

[ 2016-12-16T17:56:38+08:00 ] 127.0.0.1 /__HOME_IMAGE__/kaixin-login.png
INFO: [ app_init ] --START--
INFO: Run Behavior\BuildLiteBehavior [ RunTime:0.000000s ]
INFO: [ app_init ] --END-- [ RunTime:0.003000s ]
ERR: 无法加载模块:__HOME_IMAGE__

[ 2016-12-16T17:56:38+08:00 ] 127.0.0.1 /__HOME_IMAGE__/douban-login.png
INFO: [ app_init ] --START--
INFO: Run Behavior\BuildLiteBehavior [ RunTime:0.000000s ]
INFO: [ app_init ] --END-- [ RunTime:0.002000s ]
ERR: 无法加载模块:__HOME_IMAGE__

[ 2016-12-16T17:56:38+08:00 ] 127.0.0.1 /__HOME_IMAGE__/qq-login.png
INFO: [ app_init ] --START--
INFO: Run Behavior\BuildLiteBehavior [ RunTime:0.000000s ]
INFO: [ app_init ] --END-- [ RunTime:0.000000s ]
ERR: 无法加载模块:__HOME_IMAGE__

[ 2016-12-16T17:56:38+08:00 ] 127.0.0.1 /__HOME_IMAGE__/renren-login.png
INFO: [ app_init ] --START--
INFO: Run Behavior\BuildLiteBehavior [ RunTime:0.001000s ]
INFO: [ app_init ] --END-- [ RunTime:0.002000s ]
ERR: 无法加载模块:__HOME_IMAGE__

[ 2016-12-16T17:57:28+08:00 ] 127.0.0.1 /Upload/image/ueditor/20150601/1433171136139793.jpg
INFO: [ app_init ] --START--
INFO: Run Behavior\BuildLiteBehavior [ RunTime:0.000000s ]
INFO: [ app_init ] --END-- [ RunTime:0.001000s ]
ERR: 无法加载模块:Upload

[ 2016-12-16T17:57:28+08:00 ] 127.0.0.1 /__HOME_IMAGE__/qq-login.png
INFO: [ app_init ] --START--
INFO: Run Behavior\BuildLiteBehavior [ RunTime:0.000000s ]
INFO: [ app_init ] --END-- [ RunTime:0.003001s ]
ERR: 无法加载模块:__HOME_IMAGE__

[ 2016-12-16T17:57:28+08:00 ] 127.0.0.1 /__HOME_IMAGE__/douban-login.png
INFO: [ app_init ] --START--
INFO: Run Behavior\BuildLiteBehavior [ RunTime:0.000000s ]
INFO: [ app_init ] --END-- [ RunTime:0.003000s ]
ERR: 无法加载模块:__HOME_IMAGE__

[ 2016-12-16T17:57:28+08:00 ] 127.0.0.1 /__HOME_IMAGE__/renren-login.png
INFO: [ app_init ] --START--
INFO: Run Behavior\BuildLiteBehavior [ RunTime:0.000000s ]
INFO: [ app_init ] --END-- [ RunTime:0.000000s ]
ERR: 无法加载模块:__HOME_IMAGE__

[ 2016-12-16T17:57:28+08:00 ] 127.0.0.1 /__HOME_IMAGE__/sina-login.png
INFO: [ app_init ] --START--
INFO: Run Behavior\BuildLiteBehavior [ RunTime:0.000000s ]
INFO: [ app_init ] --END-- [ RunTime:0.002000s ]
ERR: 无法加载模块:__HOME_IMAGE__

[ 2016-12-16T17:57:28+08:00 ] 127.0.0.1 /__HOME_IMAGE__/kaixin-login.png
INFO: [ app_init ] --START--
INFO: Run Behavior\BuildLiteBehavior [ RunTime:0.000000s ]
INFO: [ app_init ] --END-- [ RunTime:0.001000s ]
ERR: 无法加载模块:__HOME_IMAGE__

[ 2016-12-16T17:57:28+08:00 ] 127.0.0.1 /Upload/image/ueditor/20150601/1433171136139793.jpg
INFO: [ app_init ] --START--
INFO: Run Behavior\BuildLiteBehavior [ RunTime:0.000000s ]
INFO: [ app_init ] --END-- [ RunTime:0.001000s ]
ERR: 无法加载模块:Upload

[ 2016-12-16T17:57:28+08:00 ] 127.0.0.1 /__HOME_IMAGE__/douban-login.png
INFO: [ app_init ] --START--
INFO: Run Behavior\BuildLiteBehavior [ RunTime:0.000000s ]
INFO: [ app_init ] --END-- [ RunTime:0.001000s ]
ERR: 无法加载模块:__HOME_IMAGE__

[ 2016-12-16T17:57:29+08:00 ] 127.0.0.1 /__HOME_IMAGE__/kaixin-login.png
INFO: [ app_init ] --START--
INFO: Run Behavior\BuildLiteBehavior [ RunTime:0.000000s ]
INFO: [ app_init ] --END-- [ RunTime:0.001000s ]
ERR: 无法加载模块:__HOME_IMAGE__

[ 2016-12-16T17:57:29+08:00 ] 127.0.0.1 /__HOME_IMAGE__/qq-login.png
INFO: [ app_init ] --START--
INFO: Run Behavior\BuildLiteBehavior [ RunTime:0.000000s ]
INFO: [ app_init ] --END-- [ RunTime:0.001000s ]
ERR: 无法加载模块:__HOME_IMAGE__

[ 2016-12-16T17:57:29+08:00 ] 127.0.0.1 /__HOME_IMAGE__/sina-login.png
INFO: [ app_init ] --START--
INFO: Run Behavior\BuildLiteBehavior [ RunTime:0.000000s ]
INFO: [ app_init ] --END-- [ RunTime:0.001000s ]
ERR: 无法加载模块:__HOME_IMAGE__

[ 2016-12-16T17:57:29+08:00 ] 127.0.0.1 /__HOME_IMAGE__/renren-login.png
INFO: [ app_init ] --START--
INFO: Run Behavior\BuildLiteBehavior [ RunTime:0.000000s ]
INFO: [ app_init ] --END-- [ RunTime:0.000000s ]
ERR: 无法加载模块:__HOME_IMAGE__

[ 2016-12-16T17:57:29+08:00 ] 127.0.0.1 /Upload/image/ueditor/20150601/1433171136139793.jpg
INFO: [ app_init ] --START--
INFO: Run Behavior\BuildLiteBehavior [ RunTime:0.000000s ]
INFO: [ app_init ] --END-- [ RunTime:0.001000s ]
ERR: 无法加载模块:Upload

[ 2016-12-16T17:57:29+08:00 ] 127.0.0.1 /__HOME_IMAGE__/renren-login.png
INFO: [ app_init ] --START--
INFO: Run Behavior\BuildLiteBehavior [ RunTime:0.000000s ]
INFO: [ app_init ] --END-- [ RunTime:0.001000s ]
ERR: 无法加载模块:__HOME_IMAGE__

[ 2016-12-16T17:57:29+08:00 ] 127.0.0.1 /__HOME_IMAGE__/douban-login.png
INFO: [ app_init ] --START--
INFO: Run Behavior\BuildLiteBehavior [ RunTime:0.000000s ]
INFO: [ app_init ] --END-- [ RunTime:0.002001s ]
ERR: 无法加载模块:__HOME_IMAGE__

[ 2016-12-16T17:57:29+08:00 ] 127.0.0.1 /__HOME_IMAGE__/sina-login.png
INFO: [ app_init ] --START--
INFO: Run Behavior\BuildLiteBehavior [ RunTime:0.000000s ]
INFO: [ app_init ] --END-- [ RunTime:0.001000s ]
ERR: 无法加载模块:__HOME_IMAGE__

[ 2016-12-16T17:57:29+08:00 ] 127.0.0.1 /__HOME_IMAGE__/kaixin-login.png
INFO: [ app_init ] --START--
INFO: Run Behavior\BuildLiteBehavior [ RunTime:0.000000s ]
INFO: [ app_init ] --END-- [ RunTime:0.001000s ]
ERR: 无法加载模块:__HOME_IMAGE__

[ 2016-12-16T17:57:29+08:00 ] 127.0.0.1 /__HOME_IMAGE__/qq-login.png
INFO: [ app_init ] --START--
INFO: Run Behavior\BuildLiteBehavior [ RunTime:0.000000s ]
INFO: [ app_init ] --END-- [ RunTime:0.002000s ]
ERR: 无法加载模块:__HOME_IMAGE__

[ 2016-12-16T18:01:13+08:00 ] 127.0.0.1 /Upload/image/ueditor/20150601/1433171136139793.jpg
INFO: [ app_init ] --START--
INFO: Run Behavior\BuildLiteBehavior [ RunTime:0.000000s ]
INFO: [ app_init ] --END-- [ RunTime:0.001000s ]
ERR: 无法加载模块:Upload

[ 2016-12-16T18:01:13+08:00 ] 127.0.0.1 /__HOME_IMAGE__/sina-login.png
INFO: [ app_init ] --START--
INFO: Run Behavior\BuildLiteBehavior [ RunTime:0.000000s ]
INFO: [ app_init ] --END-- [ RunTime:0.000000s ]
ERR: 无法加载模块:__HOME_IMAGE__

[ 2016-12-16T18:01:13+08:00 ] 127.0.0.1 /__HOME_IMAGE__/renren-login.png
INFO: [ app_init ] --START--
INFO: Run Behavior\BuildLiteBehavior [ RunTime:0.000000s ]
INFO: [ app_init ] --END-- [ RunTime:0.003000s ]
ERR: 无法加载模块:__HOME_IMAGE__

[ 2016-12-16T18:01:13+08:00 ] 127.0.0.1 /__HOME_IMAGE__/qq-login.png
INFO: [ app_init ] --START--
INFO: Run Behavior\BuildLiteBehavior [ RunTime:0.000000s ]
INFO: [ app_init ] --END-- [ RunTime:0.005000s ]
ERR: 无法加载模块:__HOME_IMAGE__

[ 2016-12-16T18:01:13+08:00 ] 127.0.0.1 /__HOME_IMAGE__/kaixin-login.png
INFO: [ app_init ] --START--
INFO: Run Behavior\BuildLiteBehavior [ RunTime:0.000000s ]
INFO: [ app_init ] --END-- [ RunTime:0.001000s ]
ERR: 无法加载模块:__HOME_IMAGE__

[ 2016-12-16T18:01:13+08:00 ] 127.0.0.1 /__HOME_IMAGE__/douban-login.png
INFO: [ app_init ] --START--
INFO: Run Behavior\BuildLiteBehavior [ RunTime:0.001000s ]
INFO: [ app_init ] --END-- [ RunTime:0.003000s ]
ERR: 无法加载模块:__HOME_IMAGE__

[ 2016-12-16T18:01:21+08:00 ] 127.0.0.1 /Upload/image/ueditor/20150601/1433171136139793.jpg
INFO: [ app_init ] --START--
INFO: Run Behavior\BuildLiteBehavior [ RunTime:0.000000s ]
INFO: [ app_init ] --END-- [ RunTime:0.009000s ]
ERR: 无法加载模块:Upload

[ 2016-12-16T18:01:21+08:00 ] 127.0.0.1 /__HOME_IMAGE__/qq-login.png
INFO: [ app_init ] --START--
INFO: Run Behavior\BuildLiteBehavior [ RunTime:0.000000s ]
INFO: [ app_init ] --END-- [ RunTime:0.001000s ]
ERR: 无法加载模块:__HOME_IMAGE__

[ 2016-12-16T18:01:21+08:00 ] 127.0.0.1 /__HOME_IMAGE__/renren-login.png
INFO: [ app_init ] --START--
INFO: Run Behavior\BuildLiteBehavior [ RunTime:0.000000s ]
INFO: [ app_init ] --END-- [ RunTime:0.005000s ]
ERR: 无法加载模块:__HOME_IMAGE__

[ 2016-12-16T18:01:21+08:00 ] 127.0.0.1 /__HOME_IMAGE__/douban-login.png
INFO: [ app_init ] --START--
INFO: Run Behavior\BuildLiteBehavior [ RunTime:0.000000s ]
INFO: [ app_init ] --END-- [ RunTime:0.002000s ]
ERR: 无法加载模块:__HOME_IMAGE__

[ 2016-12-16T18:01:21+08:00 ] 127.0.0.1 /__HOME_IMAGE__/sina-login.png
INFO: [ app_init ] --START--
INFO: Run Behavior\BuildLiteBehavior [ RunTime:0.000000s ]
INFO: [ app_init ] --END-- [ RunTime:0.001001s ]
ERR: 无法加载模块:__HOME_IMAGE__

[ 2016-12-16T18:01:21+08:00 ] 127.0.0.1 /__HOME_IMAGE__/kaixin-login.png
INFO: [ app_init ] --START--
INFO: Run Behavior\BuildLiteBehavior [ RunTime:0.000000s ]
INFO: [ app_init ] --END-- [ RunTime:0.002000s ]
ERR: 无法加载模块:__HOME_IMAGE__

[ 2016-12-16T18:01:22+08:00 ] 127.0.0.1 /Upload/image/ueditor/20150601/1433171136139793.jpg
INFO: [ app_init ] --START--
INFO: Run Behavior\BuildLiteBehavior [ RunTime:0.000000s ]
INFO: [ app_init ] --END-- [ RunTime:0.001000s ]
ERR: 无法加载模块:Upload

[ 2016-12-16T18:01:22+08:00 ] 127.0.0.1 /__HOME_IMAGE__/douban-login.png
INFO: [ app_init ] --START--
INFO: Run Behavior\BuildLiteBehavior [ RunTime:0.000000s ]
INFO: [ app_init ] --END-- [ RunTime:0.001000s ]
ERR: 无法加载模块:__HOME_IMAGE__

[ 2016-12-16T18:01:22+08:00 ] 127.0.0.1 /__HOME_IMAGE__/kaixin-login.png
INFO: [ app_init ] --START--
INFO: Run Behavior\BuildLiteBehavior [ RunTime:0.000000s ]
INFO: [ app_init ] --END-- [ RunTime:0.001000s ]
ERR: 无法加载模块:__HOME_IMAGE__

[ 2016-12-16T18:01:22+08:00 ] 127.0.0.1 /__HOME_IMAGE__/sina-login.png
INFO: [ app_init ] --START--
INFO: Run Behavior\BuildLiteBehavior [ RunTime:0.000000s ]
INFO: [ app_init ] --END-- [ RunTime:0.001000s ]
ERR: 无法加载模块:__HOME_IMAGE__

[ 2016-12-16T18:01:22+08:00 ] 127.0.0.1 /__HOME_IMAGE__/renren-login.png
INFO: [ app_init ] --START--
INFO: Run Behavior\BuildLiteBehavior [ RunTime:0.000000s ]
INFO: [ app_init ] --END-- [ RunTime:0.001000s ]
ERR: 无法加载模块:__HOME_IMAGE__

[ 2016-12-16T18:01:22+08:00 ] 127.0.0.1 /__HOME_IMAGE__/qq-login.png
INFO: [ app_init ] --START--
INFO: Run Behavior\BuildLiteBehavior [ RunTime:0.000000s ]
INFO: [ app_init ] --END-- [ RunTime:0.001000s ]
ERR: 无法加载模块:__HOME_IMAGE__

[ 2016-12-16T18:01:23+08:00 ] 127.0.0.1 /Upload/image/ueditor/20150601/1433171136139793.jpg
INFO: [ app_init ] --START--
INFO: Run Behavior\BuildLiteBehavior [ RunTime:0.000000s ]
INFO: [ app_init ] --END-- [ RunTime:0.001001s ]
ERR: 无法加载模块:Upload

[ 2016-12-16T18:01:23+08:00 ] 127.0.0.1 /__HOME_IMAGE__/qq-login.png
INFO: [ app_init ] --START--
INFO: Run Behavior\BuildLiteBehavior [ RunTime:0.000000s ]
INFO: [ app_init ] --END-- [ RunTime:0.003000s ]
ERR: 无法加载模块:__HOME_IMAGE__

[ 2016-12-16T18:01:23+08:00 ] 127.0.0.1 /__HOME_IMAGE__/renren-login.png
INFO: [ app_init ] --START--
INFO: Run Behavior\BuildLiteBehavior [ RunTime:0.000000s ]
INFO: [ app_init ] --END-- [ RunTime:0.005000s ]
ERR: 无法加载模块:__HOME_IMAGE__

[ 2016-12-16T18:01:23+08:00 ] 127.0.0.1 /__HOME_IMAGE__/douban-login.png
INFO: [ app_init ] --START--
INFO: Run Behavior\BuildLiteBehavior [ RunTime:0.001000s ]
INFO: [ app_init ] --END-- [ RunTime:0.001000s ]
ERR: 无法加载模块:__HOME_IMAGE__

[ 2016-12-16T18:01:23+08:00 ] 127.0.0.1 /__HOME_IMAGE__/sina-login.png
INFO: [ app_init ] --START--
INFO: Run Behavior\BuildLiteBehavior [ RunTime:0.000000s ]
INFO: [ app_init ] --END-- [ RunTime:0.002000s ]
ERR: 无法加载模块:__HOME_IMAGE__

[ 2016-12-16T18:01:23+08:00 ] 127.0.0.1 /__HOME_IMAGE__/kaixin-login.png
INFO: [ app_init ] --START--
INFO: Run Behavior\BuildLiteBehavior [ RunTime:0.000000s ]
INFO: [ app_init ] --END-- [ RunTime:0.012001s ]
ERR: 无法加载模块:__HOME_IMAGE__

[ 2016-12-16T18:02:05+08:00 ] 127.0.0.1 /__HOME_IMAGE__/sina-login.png
INFO: [ app_init ] --START--
INFO: Run Behavior\BuildLiteBehavior [ RunTime:0.000000s ]
INFO: [ app_init ] --END-- [ RunTime:0.001000s ]
ERR: 无法加载模块:__HOME_IMAGE__

[ 2016-12-16T18:02:05+08:00 ] 127.0.0.1 /Upload/image/ueditor/20150601/1433171136139793.jpg
INFO: [ app_init ] --START--
INFO: Run Behavior\BuildLiteBehavior [ RunTime:0.000000s ]
INFO: [ app_init ] --END-- [ RunTime:0.001000s ]
ERR: 无法加载模块:Upload

[ 2016-12-16T18:02:05+08:00 ] 127.0.0.1 /__HOME_IMAGE__/douban-login.png
INFO: [ app_init ] --START--
INFO: Run Behavior\BuildLiteBehavior [ RunTime:0.000000s ]
INFO: [ app_init ] --END-- [ RunTime:0.001000s ]
ERR: 无法加载模块:__HOME_IMAGE__

[ 2016-12-16T18:02:05+08:00 ] 127.0.0.1 /__HOME_IMAGE__/kaixin-login.png
INFO: [ app_init ] --START--
INFO: Run Behavior\BuildLiteBehavior [ RunTime:0.000000s ]
INFO: [ app_init ] --END-- [ RunTime:0.006000s ]
ERR: 无法加载模块:__HOME_IMAGE__

[ 2016-12-16T18:02:06+08:00 ] 127.0.0.1 /__HOME_IMAGE__/renren-login.png
INFO: [ app_init ] --START--
INFO: Run Behavior\BuildLiteBehavior [ RunTime:0.001000s ]
INFO: [ app_init ] --END-- [ RunTime:0.002000s ]
ERR: 无法加载模块:__HOME_IMAGE__

[ 2016-12-16T18:02:06+08:00 ] 127.0.0.1 /__HOME_IMAGE__/qq-login.png
INFO: [ app_init ] --START--
INFO: Run Behavior\BuildLiteBehavior [ RunTime:0.000000s ]
INFO: [ app_init ] --END-- [ RunTime:0.001000s ]
ERR: 无法加载模块:__HOME_IMAGE__

[ 2016-12-16T18:04:35+08:00 ] 127.0.0.1 /Upload/image/ueditor/20150601/1433171136139793.jpg
INFO: [ app_init ] --START--
INFO: Run Behavior\BuildLiteBehavior [ RunTime:0.000000s ]
INFO: [ app_init ] --END-- [ RunTime:0.001000s ]
ERR: 无法加载模块:Upload

[ 2016-12-16T18:04:35+08:00 ] 127.0.0.1 /__HOME_IMAGE__/qq-login.png
INFO: [ app_init ] --START--
INFO: Run Behavior\BuildLiteBehavior [ RunTime:0.000000s ]
INFO: [ app_init ] --END-- [ RunTime:0.002000s ]
ERR: 无法加载模块:__HOME_IMAGE__

[ 2016-12-16T18:04:35+08:00 ] 127.0.0.1 /__HOME_IMAGE__/douban-login.png
INFO: [ app_init ] --START--
INFO: Run Behavior\BuildLiteBehavior [ RunTime:0.000000s ]
INFO: [ app_init ] --END-- [ RunTime:0.001000s ]
ERR: 无法加载模块:__HOME_IMAGE__

[ 2016-12-16T18:04:35+08:00 ] 127.0.0.1 /__HOME_IMAGE__/kaixin-login.png
INFO: [ app_init ] --START--
INFO: Run Behavior\BuildLiteBehavior [ RunTime:0.000000s ]
INFO: [ app_init ] --END-- [ RunTime:0.001000s ]
ERR: 无法加载模块:__HOME_IMAGE__

[ 2016-12-16T18:04:35+08:00 ] 127.0.0.1 /__HOME_IMAGE__/sina-login.png
INFO: [ app_init ] --START--
INFO: Run Behavior\BuildLiteBehavior [ RunTime:0.000000s ]
INFO: [ app_init ] --END-- [ RunTime:0.001000s ]
ERR: 无法加载模块:__HOME_IMAGE__

[ 2016-12-16T18:04:35+08:00 ] 127.0.0.1 /__HOME_IMAGE__/renren-login.png
INFO: [ app_init ] --START--
INFO: Run Behavior\BuildLiteBehavior [ RunTime:0.000000s ]
INFO: [ app_init ] --END-- [ RunTime:0.001000s ]
ERR: 无法加载模块:__HOME_IMAGE__

[ 2016-12-16T18:39:22+08:00 ] 127.0.0.1 /__HOME_IMAGE__/qq-login.png
INFO: [ app_init ] --START--
INFO: Run Behavior\BuildLiteBehavior [ RunTime:0.000000s ]
INFO: [ app_init ] --END-- [ RunTime:0.001000s ]
ERR: 无法加载模块:__HOME_IMAGE__

[ 2016-12-16T18:39:22+08:00 ] 127.0.0.1 /Upload/image/ueditor/20150601/1433171136139793.jpg
INFO: [ app_init ] --START--
INFO: Run Behavior\BuildLiteBehavior [ RunTime:0.001000s ]
INFO: [ app_init ] --END-- [ RunTime:0.001000s ]
ERR: 无法加载模块:Upload

[ 2016-12-16T18:39:22+08:00 ] 127.0.0.1 /__HOME_IMAGE__/sina-login.png
INFO: [ app_init ] --START--
INFO: Run Behavior\BuildLiteBehavior [ RunTime:0.000000s ]
INFO: [ app_init ] --END-- [ RunTime:0.001000s ]
ERR: 无法加载模块:__HOME_IMAGE__

[ 2016-12-16T18:39:22+08:00 ] 127.0.0.1 /__HOME_IMAGE__/douban-login.png
INFO: [ app_init ] --START--
INFO: Run Behavior\BuildLiteBehavior [ RunTime:0.000000s ]
INFO: [ app_init ] --END-- [ RunTime:0.003000s ]
ERR: 无法加载模块:__HOME_IMAGE__

[ 2016-12-16T18:39:22+08:00 ] 127.0.0.1 /__HOME_IMAGE__/kaixin-login.png
INFO: [ app_init ] --START--
INFO: Run Behavior\BuildLiteBehavior [ RunTime:0.000000s ]
INFO: [ app_init ] --END-- [ RunTime:0.001000s ]
ERR: 无法加载模块:__HOME_IMAGE__

[ 2016-12-16T18:39:22+08:00 ] 127.0.0.1 /__HOME_IMAGE__/renren-login.png
INFO: [ app_init ] --START--
INFO: Run Behavior\BuildLiteBehavior [ RunTime:0.000000s ]
INFO: [ app_init ] --END-- [ RunTime:0.000000s ]
ERR: 无法加载模块:__HOME_IMAGE__

[ 2016-12-16T18:39:26+08:00 ] 127.0.0.1 /Upload/image/ueditor/20150601/1433171136139793.jpg
INFO: [ app_init ] --START--
INFO: Run Behavior\BuildLiteBehavior [ RunTime:0.000000s ]
INFO: [ app_init ] --END-- [ RunTime:0.005000s ]
ERR: 无法加载模块:Upload

[ 2016-12-16T18:39:26+08:00 ] 127.0.0.1 /__HOME_IMAGE__/kaixin-login.png
INFO: [ app_init ] --START--
INFO: Run Behavior\BuildLiteBehavior [ RunTime:0.000000s ]
INFO: [ app_init ] --END-- [ RunTime:0.003000s ]
ERR: 无法加载模块:__HOME_IMAGE__

[ 2016-12-16T18:39:26+08:00 ] 127.0.0.1 /__HOME_IMAGE__/qq-login.png
INFO: [ app_init ] --START--
INFO: Run Behavior\BuildLiteBehavior [ RunTime:0.000000s ]
INFO: [ app_init ] --END-- [ RunTime:0.003000s ]
ERR: 无法加载模块:__HOME_IMAGE__

[ 2016-12-16T18:39:26+08:00 ] 127.0.0.1 /__HOME_IMAGE__/sina-login.png
INFO: [ app_init ] --START--
INFO: Run Behavior\BuildLiteBehavior [ RunTime:0.000000s ]
INFO: [ app_init ] --END-- [ RunTime:0.001000s ]
ERR: 无法加载模块:__HOME_IMAGE__

[ 2016-12-16T18:39:26+08:00 ] 127.0.0.1 /__HOME_IMAGE__/renren-login.png
INFO: [ app_init ] --START--
INFO: Run Behavior\BuildLiteBehavior [ RunTime:0.000000s ]
INFO: [ app_init ] --END-- [ RunTime:0.001001s ]
ERR: 无法加载模块:__HOME_IMAGE__

[ 2016-12-16T18:39:26+08:00 ] 127.0.0.1 /__HOME_IMAGE__/douban-login.png
INFO: [ app_init ] --START--
INFO: Run Behavior\BuildLiteBehavior [ RunTime:0.000000s ]
INFO: [ app_init ] --END-- [ RunTime:0.002000s ]
ERR: 无法加载模块:__HOME_IMAGE__

[ 2016-12-16T18:40:02+08:00 ] 127.0.0.1 /Upload/image/ueditor/20150601/1433171136139793.jpg
INFO: [ app_init ] --START--
INFO: Run Behavior\BuildLiteBehavior [ RunTime:0.000000s ]
INFO: [ app_init ] --END-- [ RunTime:0.001000s ]
ERR: 无法加载模块:Upload

[ 2016-12-16T18:40:02+08:00 ] 127.0.0.1 /__HOME_IMAGE__/sina-login.png
INFO: [ app_init ] --START--
INFO: Run Behavior\BuildLiteBehavior [ RunTime:0.000000s ]
INFO: [ app_init ] --END-- [ RunTime:0.003000s ]
ERR: 无法加载模块:__HOME_IMAGE__

[ 2016-12-16T18:40:02+08:00 ] 127.0.0.1 /__HOME_IMAGE__/renren-login.png
INFO: [ app_init ] --START--
INFO: Run Behavior\BuildLiteBehavior [ RunTime:0.000000s ]
INFO: [ app_init ] --END-- [ RunTime:0.001000s ]
ERR: 无法加载模块:__HOME_IMAGE__

[ 2016-12-16T18:40:02+08:00 ] 127.0.0.1 /__HOME_IMAGE__/kaixin-login.png
INFO: [ app_init ] --START--
INFO: Run Behavior\BuildLiteBehavior [ RunTime:0.000000s ]
INFO: [ app_init ] --END-- [ RunTime:0.002000s ]
ERR: 无法加载模块:__HOME_IMAGE__

[ 2016-12-16T18:40:02+08:00 ] 127.0.0.1 /__HOME_IMAGE__/qq-login.png
INFO: [ app_init ] --START--
INFO: Run Behavior\BuildLiteBehavior [ RunTime:0.000000s ]
INFO: [ app_init ] --END-- [ RunTime:0.002000s ]
ERR: 无法加载模块:__HOME_IMAGE__

[ 2016-12-16T18:40:02+08:00 ] 127.0.0.1 /__HOME_IMAGE__/douban-login.png
INFO: [ app_init ] --START--
INFO: Run Behavior\BuildLiteBehavior [ RunTime:0.000000s ]
INFO: [ app_init ] --END-- [ RunTime:0.002001s ]
ERR: 无法加载模块:__HOME_IMAGE__

[ 2016-12-16T18:43:00+08:00 ] 127.0.0.1 /Upload/image/ueditor/20150601/1433171136139793.jpg
INFO: [ app_init ] --START--
INFO: Run Behavior\BuildLiteBehavior [ RunTime:0.000000s ]
INFO: [ app_init ] --END-- [ RunTime:0.000000s ]
ERR: 无法加载模块:Upload

[ 2016-12-16T18:43:00+08:00 ] 127.0.0.1 /__HOME_IMAGE__/qq-login.png
INFO: [ app_init ] --START--
INFO: Run Behavior\BuildLiteBehavior [ RunTime:0.000000s ]
INFO: [ app_init ] --END-- [ RunTime:0.004001s ]
ERR: 无法加载模块:__HOME_IMAGE__

[ 2016-12-16T18:43:00+08:00 ] 127.0.0.1 /__HOME_IMAGE__/sina-login.png
INFO: [ app_init ] --START--
INFO: Run Behavior\BuildLiteBehavior [ RunTime:0.000000s ]
INFO: [ app_init ] --END-- [ RunTime:0.001000s ]
ERR: 无法加载模块:__HOME_IMAGE__

[ 2016-12-16T18:43:01+08:00 ] 127.0.0.1 /__HOME_IMAGE__/douban-login.png
INFO: [ app_init ] --START--
INFO: Run Behavior\BuildLiteBehavior [ RunTime:0.000000s ]
INFO: [ app_init ] --END-- [ RunTime:0.001000s ]
ERR: 无法加载模块:__HOME_IMAGE__

[ 2016-12-16T18:43:01+08:00 ] 127.0.0.1 /__HOME_IMAGE__/kaixin-login.png
INFO: [ app_init ] --START--
INFO: Run Behavior\BuildLiteBehavior [ RunTime:0.000000s ]
INFO: [ app_init ] --END-- [ RunTime:0.001000s ]
ERR: 无法加载模块:__HOME_IMAGE__

[ 2016-12-16T18:43:01+08:00 ] 127.0.0.1 /__HOME_IMAGE__/renren-login.png
INFO: [ app_init ] --START--
INFO: Run Behavior\BuildLiteBehavior [ RunTime:0.000000s ]
INFO: [ app_init ] --END-- [ RunTime:0.001000s ]
ERR: 无法加载模块:__HOME_IMAGE__

[ 2016-12-16T18:44:11+08:00 ] 127.0.0.1 /Upload/image/ueditor/20150601/1433171136139793.jpg
INFO: [ app_init ] --START--
INFO: Run Behavior\BuildLiteBehavior [ RunTime:0.000000s ]
INFO: [ app_init ] --END-- [ RunTime:0.001000s ]
ERR: 无法加载模块:Upload

[ 2016-12-16T18:44:11+08:00 ] 127.0.0.1 /__HOME_IMAGE__/qq-login.png
INFO: [ app_init ] --START--
INFO: Run Behavior\BuildLiteBehavior [ RunTime:0.000000s ]
INFO: [ app_init ] --END-- [ RunTime:0.002000s ]
ERR: 无法加载模块:__HOME_IMAGE__

[ 2016-12-16T18:44:11+08:00 ] 127.0.0.1 /__HOME_IMAGE__/sina-login.png
INFO: [ app_init ] --START--
INFO: Run Behavior\BuildLiteBehavior [ RunTime:0.000000s ]
INFO: [ app_init ] --END-- [ RunTime:0.001000s ]
ERR: 无法加载模块:__HOME_IMAGE__

[ 2016-12-16T18:44:11+08:00 ] 127.0.0.1 /__HOME_IMAGE__/douban-login.png
INFO: [ app_init ] --START--
INFO: Run Behavior\BuildLiteBehavior [ RunTime:0.000000s ]
INFO: [ app_init ] --END-- [ RunTime:0.001000s ]
ERR: 无法加载模块:__HOME_IMAGE__

[ 2016-12-16T18:44:11+08:00 ] 127.0.0.1 /__HOME_IMAGE__/renren-login.png
INFO: [ app_init ] --START--
INFO: Run Behavior\BuildLiteBehavior [ RunTime:0.000000s ]
INFO: [ app_init ] --END-- [ RunTime:0.002000s ]
ERR: 无法加载模块:__HOME_IMAGE__

[ 2016-12-16T18:44:11+08:00 ] 127.0.0.1 /__HOME_IMAGE__/kaixin-login.png
INFO: [ app_init ] --START--
INFO: Run Behavior\BuildLiteBehavior [ RunTime:0.000000s ]
INFO: [ app_init ] --END-- [ RunTime:0.001000s ]
ERR: 无法加载模块:__HOME_IMAGE__

[ 2016-12-16T18:45:08+08:00 ] 127.0.0.1 /Upload/image/ueditor/20150601/1433171136139793.jpg
INFO: [ app_init ] --START--
INFO: Run Behavior\BuildLiteBehavior [ RunTime:0.000000s ]
INFO: [ app_init ] --END-- [ RunTime:0.020001s ]
ERR: 无法加载模块:Upload

[ 2016-12-16T18:45:08+08:00 ] 127.0.0.1 /__HOME_IMAGE__/qq-login.png
INFO: [ app_init ] --START--
INFO: Run Behavior\BuildLiteBehavior [ RunTime:0.000000s ]
INFO: [ app_init ] --END-- [ RunTime:0.001000s ]
ERR: 无法加载模块:__HOME_IMAGE__

[ 2016-12-16T18:45:08+08:00 ] 127.0.0.1 /__HOME_IMAGE__/douban-login.png
INFO: [ app_init ] --START--
INFO: Run Behavior\BuildLiteBehavior [ RunTime:0.000000s ]
INFO: [ app_init ] --END-- [ RunTime:0.006001s ]
ERR: 无法加载模块:__HOME_IMAGE__

[ 2016-12-16T18:45:08+08:00 ] 127.0.0.1 /__HOME_IMAGE__/renren-login.png
INFO: [ app_init ] --START--
INFO: Run Behavior\BuildLiteBehavior [ RunTime:0.000000s ]
INFO: [ app_init ] --END-- [ RunTime:0.001000s ]
ERR: 无法加载模块:__HOME_IMAGE__

[ 2016-12-16T18:45:08+08:00 ] 127.0.0.1 /__HOME_IMAGE__/sina-login.png
INFO: [ app_init ] --START--
INFO: Run Behavior\BuildLiteBehavior [ RunTime:0.000000s ]
INFO: [ app_init ] --END-- [ RunTime:0.001000s ]
ERR: 无法加载模块:__HOME_IMAGE__

[ 2016-12-16T18:45:08+08:00 ] 127.0.0.1 /__HOME_IMAGE__/kaixin-login.png
INFO: [ app_init ] --START--
INFO: Run Behavior\BuildLiteBehavior [ RunTime:0.000000s ]
INFO: [ app_init ] --END-- [ RunTime:0.001000s ]
ERR: 无法加载模块:__HOME_IMAGE__

[ 2016-12-16T18:56:02+08:00 ] 127.0.0.1 /Upload/image/ueditor/20150601/1433171136139793.jpg
INFO: [ app_init ] --START--
INFO: Run Behavior\BuildLiteBehavior [ RunTime:0.000000s ]
INFO: [ app_init ] --END-- [ RunTime:0.002000s ]
ERR: 无法加载模块:Upload

[ 2016-12-16T18:56:08+08:00 ] 127.0.0.1 /Upload/image/ueditor/20150601/1433171136139793.jpg
INFO: [ app_init ] --START--
INFO: Run Behavior\BuildLiteBehavior [ RunTime:0.000000s ]
INFO: [ app_init ] --END-- [ RunTime:0.001000s ]
ERR: 无法加载模块:Upload

[ 2016-12-16T18:56:20+08:00 ] 127.0.0.1 /Upload/image/ueditor/20150601/1433171136139793.jpg
INFO: [ app_init ] --START--
INFO: Run Behavior\BuildLiteBehavior [ RunTime:0.000000s ]
INFO: [ app_init ] --END-- [ RunTime:0.001000s ]
ERR: 无法加载模块:Upload

[ 2016-12-16T18:58:47+08:00 ] 127.0.0.1 /Upload/image/ueditor/20150601/1433171136139793.jpg
INFO: [ app_init ] --START--
INFO: Run Behavior\BuildLiteBehavior [ RunTime:0.000000s ]
INFO: [ app_init ] --END-- [ RunTime:0.001000s ]
ERR: 无法加载模块:Upload

[ 2016-12-16T19:01:30+08:00 ] 127.0.0.1 /Upload/image/ueditor/20150601/1433171136139793.jpg
INFO: [ app_init ] --START--
INFO: Run Behavior\BuildLiteBehavior [ RunTime:0.000000s ]
INFO: [ app_init ] --END-- [ RunTime:0.001000s ]
ERR: 无法加载模块:Upload

[ 2016-12-16T19:01:38+08:00 ] 127.0.0.1 /Upload/image/ueditor/20150601/1433171136139793.jpg
INFO: [ app_init ] --START--
INFO: Run Behavior\BuildLiteBehavior [ RunTime:0.000000s ]
INFO: [ app_init ] --END-- [ RunTime:0.021001s ]
ERR: 无法加载模块:Upload

[ 2016-12-16T19:01:44+08:00 ] 127.0.0.1 /Upload/image/ueditor/20150601/1433171136139793.jpg
INFO: [ app_init ] --START--
INFO: Run Behavior\BuildLiteBehavior [ RunTime:0.000000s ]
INFO: [ app_init ] --END-- [ RunTime:0.018001s ]
ERR: 无法加载模块:Upload

[ 2016-12-16T19:03:12+08:00 ] 127.0.0.1 /Upload/image/ueditor/20150601/1433171136139793.jpg
INFO: [ app_init ] --START--
INFO: Run Behavior\BuildLiteBehavior [ RunTime:0.000000s ]
INFO: [ app_init ] --END-- [ RunTime:0.011001s ]
ERR: 无法加载模块:Upload

[ 2016-12-16T19:03:31+08:00 ] 127.0.0.1 /Upload/image/ueditor/20150601/1433171136139793.jpg
INFO: [ app_init ] --START--
INFO: Run Behavior\BuildLiteBehavior [ RunTime:0.000000s ]
INFO: [ app_init ] --END-- [ RunTime:0.001000s ]
ERR: 无法加载模块:Upload

[ 2016-12-16T19:14:47+08:00 ] 127.0.0.1 /Upload/image/ueditor/20150601/1433171136139793.jpg
INFO: [ app_init ] --START--
INFO: Run Behavior\BuildLiteBehavior [ RunTime:0.000000s ]
INFO: [ app_init ] --END-- [ RunTime:0.002001s ]
ERR: 无法加载模块:Upload

[ 2016-12-16T19:14:51+08:00 ] 127.0.0.1 /Upload/image/ueditor/20150601/1433171136139793.jpg
INFO: [ app_init ] --START--
INFO: Run Behavior\BuildLiteBehavior [ RunTime:0.000000s ]
INFO: [ app_init ] --END-- [ RunTime:0.001000s ]
ERR: 无法加载模块:Upload

[ 2016-12-16T19:15:00+08:00 ] 127.0.0.1 /__HOME_IMAGE__/douban-login.png
INFO: [ app_init ] --START--
INFO: Run Behavior\BuildLiteBehavior [ RunTime:0.000000s ]
INFO: [ app_init ] --END-- [ RunTime:0.002000s ]
ERR: 无法加载模块:__HOME_IMAGE__

[ 2016-12-16T19:15:00+08:00 ] 127.0.0.1 /Upload/image/ueditor/20150601/1433171136139793.jpg
INFO: [ app_init ] --START--
INFO: Run Behavior\BuildLiteBehavior [ RunTime:0.000000s ]
INFO: [ app_init ] --END-- [ RunTime:0.004000s ]
ERR: 无法加载模块:Upload

[ 2016-12-16T19:15:00+08:00 ] 127.0.0.1 /__HOME_IMAGE__/renren-login.png
INFO: [ app_init ] --START--
INFO: Run Behavior\BuildLiteBehavior [ RunTime:0.000000s ]
INFO: [ app_init ] --END-- [ RunTime:0.001000s ]
ERR: 无法加载模块:__HOME_IMAGE__

[ 2016-12-16T19:15:00+08:00 ] 127.0.0.1 /__HOME_IMAGE__/qq-login.png
INFO: [ app_init ] --START--
INFO: Run Behavior\BuildLiteBehavior [ RunTime:0.000000s ]
INFO: [ app_init ] --END-- [ RunTime:0.004000s ]
ERR: 无法加载模块:__HOME_IMAGE__

[ 2016-12-16T19:15:00+08:00 ] 127.0.0.1 /__HOME_IMAGE__/sina-login.png
INFO: [ app_init ] --START--
INFO: Run Behavior\BuildLiteBehavior [ RunTime:0.000000s ]
INFO: [ app_init ] --END-- [ RunTime:0.002001s ]
ERR: 无法加载模块:__HOME_IMAGE__

[ 2016-12-16T19:15:00+08:00 ] 127.0.0.1 /__HOME_IMAGE__/kaixin-login.png
INFO: [ app_init ] --START--
INFO: Run Behavior\BuildLiteBehavior [ RunTime:0.000000s ]
INFO: [ app_init ] --END-- [ RunTime:0.001001s ]
ERR: 无法加载模块:__HOME_IMAGE__

[ 2016-12-16T19:15:01+08:00 ] 127.0.0.1 /Upload/image/ueditor/20150601/1433171136139793.jpg
INFO: [ app_init ] --START--
INFO: Run Behavior\BuildLiteBehavior [ RunTime:0.000000s ]
INFO: [ app_init ] --END-- [ RunTime:0.001000s ]
ERR: 无法加载模块:Upload

[ 2016-12-16T19:15:03+08:00 ] 127.0.0.1 /__HOME_IMAGE__/renren-login.png
INFO: [ app_init ] --START--
INFO: Run Behavior\BuildLiteBehavior [ RunTime:0.000000s ]
INFO: [ app_init ] --END-- [ RunTime:0.001000s ]
ERR: 无法加载模块:__HOME_IMAGE__

[ 2016-12-16T19:15:03+08:00 ] 127.0.0.1 /__HOME_IMAGE__/sina-login.png
INFO: [ app_init ] --START--
INFO: Run Behavior\BuildLiteBehavior [ RunTime:0.000000s ]
INFO: [ app_init ] --END-- [ RunTime:0.001000s ]
ERR: 无法加载模块:__HOME_IMAGE__

[ 2016-12-16T19:15:03+08:00 ] 127.0.0.1 /__HOME_IMAGE__/qq-login.png
INFO: [ app_init ] --START--
INFO: Run Behavior\BuildLiteBehavior [ RunTime:0.000000s ]
INFO: [ app_init ] --END-- [ RunTime:0.000000s ]
ERR: 无法加载模块:__HOME_IMAGE__

[ 2016-12-16T19:15:03+08:00 ] 127.0.0.1 /__HOME_IMAGE__/douban-login.png
INFO: [ app_init ] --START--
INFO: Run Behavior\BuildLiteBehavior [ RunTime:0.000000s ]
INFO: [ app_init ] --END-- [ RunTime:0.001001s ]
ERR: 无法加载模块:__HOME_IMAGE__

[ 2016-12-16T19:15:03+08:00 ] 127.0.0.1 /Upload/image/ueditor/20150601/1433171136139793.jpg
INFO: [ app_init ] --START--
INFO: Run Behavior\BuildLiteBehavior [ RunTime:0.000000s ]
INFO: [ app_init ] --END-- [ RunTime:0.001000s ]
ERR: 无法加载模块:Upload

[ 2016-12-16T19:15:03+08:00 ] 127.0.0.1 /__HOME_IMAGE__/kaixin-login.png
INFO: [ app_init ] --START--
INFO: Run Behavior\BuildLiteBehavior [ RunTime:0.000000s ]
INFO: [ app_init ] --END-- [ RunTime:0.001000s ]
ERR: 无法加载模块:__HOME_IMAGE__

[ 2016-12-16T19:15:04+08:00 ] 127.0.0.1 /Upload/image/ueditor/20150601/1433171136139793.jpg
INFO: [ app_init ] --START--
INFO: Run Behavior\BuildLiteBehavior [ RunTime:0.001000s ]
INFO: [ app_init ] --END-- [ RunTime:0.001000s ]
ERR: 无法加载模块:Upload

[ 2016-12-16T19:15:20+08:00 ] 127.0.0.1 /__HOME_IMAGE__/sina-login.png
INFO: [ app_init ] --START--
INFO: Run Behavior\BuildLiteBehavior [ RunTime:0.000000s ]
INFO: [ app_init ] --END-- [ RunTime:0.002000s ]
ERR: 无法加载模块:__HOME_IMAGE__

[ 2016-12-16T19:15:20+08:00 ] 127.0.0.1 /Upload/image/ueditor/20150601/1433171136139793.jpg
INFO: [ app_init ] --START--
INFO: Run Behavior\BuildLiteBehavior [ RunTime:0.000000s ]
INFO: [ app_init ] --END-- [ RunTime:0.001000s ]
ERR: 无法加载模块:Upload

[ 2016-12-16T19:15:20+08:00 ] 127.0.0.1 /__HOME_IMAGE__/renren-login.png
INFO: [ app_init ] --START--
INFO: Run Behavior\BuildLiteBehavior [ RunTime:0.000000s ]
INFO: [ app_init ] --END-- [ RunTime:0.001000s ]
ERR: 无法加载模块:__HOME_IMAGE__

[ 2016-12-16T19:15:21+08:00 ] 127.0.0.1 /__HOME_IMAGE__/kaixin-login.png
INFO: [ app_init ] --START--
INFO: Run Behavior\BuildLiteBehavior [ RunTime:0.000000s ]
INFO: [ app_init ] --END-- [ RunTime:0.007001s ]
ERR: 无法加载模块:__HOME_IMAGE__

[ 2016-12-16T19:15:21+08:00 ] 127.0.0.1 /__HOME_IMAGE__/douban-login.png
INFO: [ app_init ] --START--
INFO: Run Behavior\BuildLiteBehavior [ RunTime:0.000000s ]
INFO: [ app_init ] --END-- [ RunTime:0.006000s ]
ERR: 无法加载模块:__HOME_IMAGE__

[ 2016-12-16T19:15:21+08:00 ] 127.0.0.1 /__HOME_IMAGE__/qq-login.png
INFO: [ app_init ] --START--
INFO: Run Behavior\BuildLiteBehavior [ RunTime:0.000000s ]
INFO: [ app_init ] --END-- [ RunTime:0.001000s ]
ERR: 无法加载模块:__HOME_IMAGE__

[ 2016-12-16T19:15:21+08:00 ] 127.0.0.1 /__HOME_IMAGE__/douban-login.png
INFO: [ app_init ] --START--
INFO: Run Behavior\BuildLiteBehavior [ RunTime:0.000000s ]
INFO: [ app_init ] --END-- [ RunTime:0.001000s ]
ERR: 无法加载模块:__HOME_IMAGE__

[ 2016-12-16T19:15:21+08:00 ] 127.0.0.1 /__HOME_IMAGE__/qq-login.png
INFO: [ app_init ] --START--
INFO: Run Behavior\BuildLiteBehavior [ RunTime:0.000000s ]
INFO: [ app_init ] --END-- [ RunTime:0.001000s ]
ERR: 无法加载模块:__HOME_IMAGE__

[ 2016-12-16T19:15:21+08:00 ] 127.0.0.1 /Upload/image/ueditor/20150601/1433171136139793.jpg
INFO: [ app_init ] --START--
INFO: Run Behavior\BuildLiteBehavior [ RunTime:0.000000s ]
INFO: [ app_init ] --END-- [ RunTime:0.003000s ]
ERR: 无法加载模块:Upload

[ 2016-12-16T19:15:21+08:00 ] 127.0.0.1 /__HOME_IMAGE__/kaixin-login.png
INFO: [ app_init ] --START--
INFO: Run Behavior\BuildLiteBehavior [ RunTime:0.000000s ]
INFO: [ app_init ] --END-- [ RunTime:0.001000s ]
ERR: 无法加载模块:__HOME_IMAGE__

[ 2016-12-16T19:15:21+08:00 ] 127.0.0.1 /__HOME_IMAGE__/renren-login.png
INFO: [ app_init ] --START--
INFO: Run Behavior\BuildLiteBehavior [ RunTime:0.000000s ]
INFO: [ app_init ] --END-- [ RunTime:0.000000s ]
ERR: 无法加载模块:__HOME_IMAGE__

[ 2016-12-16T19:15:21+08:00 ] 127.0.0.1 /__HOME_IMAGE__/sina-login.png
INFO: [ app_init ] --START--
INFO: Run Behavior\BuildLiteBehavior [ RunTime:0.000000s ]
INFO: [ app_init ] --END-- [ RunTime:0.001001s ]
ERR: 无法加载模块:__HOME_IMAGE__

[ 2016-12-16T19:15:22+08:00 ] 127.0.0.1 /Upload/image/ueditor/20150601/1433171136139793.jpg
INFO: [ app_init ] --START--
INFO: Run Behavior\BuildLiteBehavior [ RunTime:0.000000s ]
INFO: [ app_init ] --END-- [ RunTime:0.001001s ]
ERR: 无法加载模块:Upload

[ 2016-12-16T19:15:25+08:00 ] 127.0.0.1 /Upload/image/ueditor/20150601/1433171136139793.jpg
INFO: [ app_init ] --START--
INFO: Run Behavior\BuildLiteBehavior [ RunTime:0.000000s ]
INFO: [ app_init ] --END-- [ RunTime:0.001000s ]
ERR: 无法加载模块:Upload

[ 2016-12-16T19:16:01+08:00 ] 127.0.0.1 /Upload/image/ueditor/20150601/1433171136139793.jpg
INFO: [ app_init ] --START--
INFO: Run Behavior\BuildLiteBehavior [ RunTime:0.004000s ]
INFO: [ app_init ] --END-- [ RunTime:0.005000s ]
ERR: 无法加载模块:Upload

[ 2016-12-16T19:19:01+08:00 ] 127.0.0.1 /Upload/image/ueditor/20150601/1433171136139793.jpg
INFO: [ app_init ] --START--
INFO: Run Behavior\BuildLiteBehavior [ RunTime:0.000000s ]
INFO: [ app_init ] --END-- [ RunTime:0.001000s ]
ERR: 无法加载模块:Upload

[ 2016-12-16T19:19:02+08:00 ] 127.0.0.1 /Upload/image/ueditor/20150601/1433171136139793.jpg
INFO: [ app_init ] --START--
INFO: Run Behavior\BuildLiteBehavior [ RunTime:0.000000s ]
INFO: [ app_init ] --END-- [ RunTime:0.000000s ]
ERR: 无法加载模块:Upload

[ 2016-12-16T19:19:05+08:00 ] 127.0.0.1 /Upload/image/ueditor/20150601/1433171136139793.jpg
INFO: [ app_init ] --START--
INFO: Run Behavior\BuildLiteBehavior [ RunTime:0.000000s ]
INFO: [ app_init ] --END-- [ RunTime:0.001000s ]
ERR: 无法加载模块:Upload

[ 2016-12-16T19:19:06+08:00 ] 127.0.0.1 /__HOME_IMAGE__/douban-login.png
INFO: [ app_init ] --START--
INFO: Run Behavior\BuildLiteBehavior [ RunTime:0.000000s ]
INFO: [ app_init ] --END-- [ RunTime:0.001000s ]
ERR: 无法加载模块:__HOME_IMAGE__

[ 2016-12-16T19:19:06+08:00 ] 127.0.0.1 /__HOME_IMAGE__/sina-login.png
INFO: [ app_init ] --START--
INFO: Run Behavior\BuildLiteBehavior [ RunTime:0.000000s ]
INFO: [ app_init ] --END-- [ RunTime:0.010001s ]
ERR: 无法加载模块:__HOME_IMAGE__

[ 2016-12-16T19:19:06+08:00 ] 127.0.0.1 /__HOME_IMAGE__/renren-login.png
INFO: [ app_init ] --START--
INFO: Run Behavior\BuildLiteBehavior [ RunTime:0.000000s ]
INFO: [ app_init ] --END-- [ RunTime:0.001000s ]
ERR: 无法加载模块:__HOME_IMAGE__

[ 2016-12-16T19:19:06+08:00 ] 127.0.0.1 /__HOME_IMAGE__/kaixin-login.png
INFO: [ app_init ] --START--
INFO: Run Behavior\BuildLiteBehavior [ RunTime:0.000000s ]
INFO: [ app_init ] --END-- [ RunTime:0.004000s ]
ERR: 无法加载模块:__HOME_IMAGE__

[ 2016-12-16T19:19:06+08:00 ] 127.0.0.1 /Upload/image/ueditor/20150601/1433171136139793.jpg
INFO: [ app_init ] --START--
INFO: Run Behavior\BuildLiteBehavior [ RunTime:0.000000s ]
INFO: [ app_init ] --END-- [ RunTime:0.008000s ]
ERR: 无法加载模块:Upload

[ 2016-12-16T19:19:06+08:00 ] 127.0.0.1 /__HOME_IMAGE__/qq-login.png
INFO: [ app_init ] --START--
INFO: Run Behavior\BuildLiteBehavior [ RunTime:0.000000s ]
INFO: [ app_init ] --END-- [ RunTime:0.003000s ]
ERR: 无法加载模块:__HOME_IMAGE__

[ 2016-12-16T19:19:07+08:00 ] 127.0.0.1 /Upload/image/ueditor/20150601/1433171136139793.jpg
INFO: [ app_init ] --START--
INFO: Run Behavior\BuildLiteBehavior [ RunTime:0.000000s ]
INFO: [ app_init ] --END-- [ RunTime:0.001000s ]
ERR: 无法加载模块:Upload

[ 2016-12-16T19:19:24+08:00 ] 127.0.0.1 /Upload/image/ueditor/20150601/1433171136139793.jpg
INFO: [ app_init ] --START--
INFO: Run Behavior\BuildLiteBehavior [ RunTime:0.001000s ]
INFO: [ app_init ] --END-- [ RunTime:0.001000s ]
ERR: 无法加载模块:Upload

[ 2016-12-16T19:19:25+08:00 ] 127.0.0.1 /Upload/image/ueditor/20150601/1433171136139793.jpg
INFO: [ app_init ] --START--
INFO: Run Behavior\BuildLiteBehavior [ RunTime:0.000000s ]
INFO: [ app_init ] --END-- [ RunTime:0.003000s ]
ERR: 无法加载模块:Upload

[ 2016-12-16T19:19:28+08:00 ] 127.0.0.1 /__HOME_IMAGE__/qq-login.png
INFO: [ app_init ] --START--
INFO: Run Behavior\BuildLiteBehavior [ RunTime:0.000000s ]
INFO: [ app_init ] --END-- [ RunTime:0.001000s ]
ERR: 无法加载模块:__HOME_IMAGE__

[ 2016-12-16T19:19:28+08:00 ] 127.0.0.1 /Upload/image/ueditor/20150601/1433171136139793.jpg
INFO: [ app_init ] --START--
INFO: Run Behavior\BuildLiteBehavior [ RunTime:0.000000s ]
INFO: [ app_init ] --END-- [ RunTime:0.001000s ]
ERR: 无法加载模块:Upload

[ 2016-12-16T19:19:28+08:00 ] 127.0.0.1 /__HOME_IMAGE__/sina-login.png
INFO: [ app_init ] --START--
INFO: Run Behavior\BuildLiteBehavior [ RunTime:0.000000s ]
INFO: [ app_init ] --END-- [ RunTime:0.001000s ]
ERR: 无法加载模块:__HOME_IMAGE__

[ 2016-12-16T19:19:28+08:00 ] 127.0.0.1 /__HOME_IMAGE__/kaixin-login.png
INFO: [ app_init ] --START--
INFO: Run Behavior\BuildLiteBehavior [ RunTime:0.000000s ]
INFO: [ app_init ] --END-- [ RunTime:0.001000s ]
ERR: 无法加载模块:__HOME_IMAGE__

[ 2016-12-16T19:19:28+08:00 ] 127.0.0.1 /__HOME_IMAGE__/douban-login.png
INFO: [ app_init ] --START--
INFO: Run Behavior\BuildLiteBehavior [ RunTime:0.000000s ]
INFO: [ app_init ] --END-- [ RunTime:0.002000s ]
ERR: 无法加载模块:__HOME_IMAGE__

[ 2016-12-16T19:19:28+08:00 ] 127.0.0.1 /__HOME_IMAGE__/renren-login.png
INFO: [ app_init ] --START--
INFO: Run Behavior\BuildLiteBehavior [ RunTime:0.000000s ]
INFO: [ app_init ] --END-- [ RunTime:0.001000s ]
ERR: 无法加载模块:__HOME_IMAGE__

[ 2016-12-16T19:19:29+08:00 ] 127.0.0.1 /Upload/image/ueditor/20150601/1433171136139793.jpg
INFO: [ app_init ] --START--
INFO: Run Behavior\BuildLiteBehavior [ RunTime:0.000000s ]
INFO: [ app_init ] --END-- [ RunTime:0.002000s ]
ERR: 无法加载模块:Upload

[ 2016-12-16T19:19:33+08:00 ] 127.0.0.1 /Upload/image/ueditor/20150601/1433171136139793.jpg
INFO: [ app_init ] --START--
INFO: Run Behavior\BuildLiteBehavior [ RunTime:0.000000s ]
INFO: [ app_init ] --END-- [ RunTime:0.006000s ]
ERR: 无法加载模块:Upload

[ 2016-12-16T19:38:20+08:00 ] 127.0.0.1 /Upload/image/ueditor/20150601/1433171136139793.jpg
INFO: [ app_init ] --START--
INFO: Run Behavior\BuildLiteBehavior [ RunTime:0.000000s ]
INFO: [ app_init ] --END-- [ RunTime:0.003000s ]
ERR: 无法加载模块:Upload

[ 2016-12-16T19:38:20+08:00 ] 127.0.0.1 /__HOME_IMAGE__/kaixin-login.png
INFO: [ app_init ] --START--
INFO: Run Behavior\BuildLiteBehavior [ RunTime:0.000000s ]
INFO: [ app_init ] --END-- [ RunTime:0.010000s ]
ERR: 无法加载模块:__HOME_IMAGE__

[ 2016-12-16T19:38:20+08:00 ] 127.0.0.1 /__HOME_IMAGE__/qq-login.png
INFO: [ app_init ] --START--
INFO: Run Behavior\BuildLiteBehavior [ RunTime:0.000000s ]
INFO: [ app_init ] --END-- [ RunTime:0.005001s ]
ERR: 无法加载模块:__HOME_IMAGE__

[ 2016-12-16T19:38:20+08:00 ] 127.0.0.1 /__HOME_IMAGE__/renren-login.png
INFO: [ app_init ] --START--
INFO: Run Behavior\BuildLiteBehavior [ RunTime:0.000000s ]
INFO: [ app_init ] --END-- [ RunTime:0.002000s ]
ERR: 无法加载模块:__HOME_IMAGE__

[ 2016-12-16T19:38:20+08:00 ] 127.0.0.1 /__HOME_IMAGE__/douban-login.png
INFO: [ app_init ] --START--
INFO: Run Behavior\BuildLiteBehavior [ RunTime:0.000000s ]
INFO: [ app_init ] --END-- [ RunTime:0.001001s ]
ERR: 无法加载模块:__HOME_IMAGE__

[ 2016-12-16T19:38:20+08:00 ] 127.0.0.1 /__HOME_IMAGE__/sina-login.png
INFO: [ app_init ] --START--
INFO: Run Behavior\BuildLiteBehavior [ RunTime:0.000000s ]
INFO: [ app_init ] --END-- [ RunTime:0.011001s ]
ERR: 无法加载模块:__HOME_IMAGE__

[ 2016-12-16T20:03:39+08:00 ] 127.0.0.1 /__HOME_IMAGE__/sina-login.png
INFO: [ app_init ] --START--
INFO: Run Behavior\BuildLiteBehavior [ RunTime:0.000000s ]
INFO: [ app_init ] --END-- [ RunTime:0.002000s ]
ERR: 无法加载模块:__HOME_IMAGE__

[ 2016-12-16T20:03:39+08:00 ] 127.0.0.1 /__HOME_IMAGE__/douban-login.png
INFO: [ app_init ] --START--
INFO: Run Behavior\BuildLiteBehavior [ RunTime:0.000000s ]
INFO: [ app_init ] --END-- [ RunTime:0.000000s ]
ERR: 无法加载模块:__HOME_IMAGE__

[ 2016-12-16T20:03:39+08:00 ] 127.0.0.1 /__HOME_IMAGE__/kaixin-login.png
INFO: [ app_init ] --START--
INFO: Run Behavior\BuildLiteBehavior [ RunTime:0.000000s ]
INFO: [ app_init ] --END-- [ RunTime:0.001000s ]
ERR: 无法加载模块:__HOME_IMAGE__

[ 2016-12-16T20:03:39+08:00 ] 127.0.0.1 /__HOME_IMAGE__/renren-login.png
INFO: [ app_init ] --START--
INFO: Run Behavior\BuildLiteBehavior [ RunTime:0.000000s ]
INFO: [ app_init ] --END-- [ RunTime:0.007000s ]
ERR: 无法加载模块:__HOME_IMAGE__

[ 2016-12-16T20:03:39+08:00 ] 127.0.0.1 /__HOME_IMAGE__/qq-login.png
INFO: [ app_init ] --START--
INFO: Run Behavior\BuildLiteBehavior [ RunTime:0.000000s ]
INFO: [ app_init ] --END-- [ RunTime:0.001000s ]
ERR: 无法加载模块:__HOME_IMAGE__

[ 2016-12-16T20:03:42+08:00 ] 127.0.0.1 /__HOME_IMAGE__/qq-login.png
INFO: [ app_init ] --START--
INFO: Run Behavior\BuildLiteBehavior [ RunTime:0.000000s ]
INFO: [ app_init ] --END-- [ RunTime:0.003000s ]
ERR: 无法加载模块:__HOME_IMAGE__

[ 2016-12-16T20:03:42+08:00 ] 127.0.0.1 /__HOME_IMAGE__/kaixin-login.png
INFO: [ app_init ] --START--
INFO: Run Behavior\BuildLiteBehavior [ RunTime:0.000000s ]
INFO: [ app_init ] --END-- [ RunTime:0.000000s ]
ERR: 无法加载模块:__HOME_IMAGE__

[ 2016-12-16T20:03:42+08:00 ] 127.0.0.1 /__HOME_IMAGE__/douban-login.png
INFO: [ app_init ] --START--
INFO: Run Behavior\BuildLiteBehavior [ RunTime:0.000000s ]
INFO: [ app_init ] --END-- [ RunTime:0.001000s ]
ERR: 无法加载模块:__HOME_IMAGE__

[ 2016-12-16T20:03:42+08:00 ] 127.0.0.1 /__HOME_IMAGE__/sina-login.png
INFO: [ app_init ] --START--
INFO: Run Behavior\BuildLiteBehavior [ RunTime:0.000000s ]
INFO: [ app_init ] --END-- [ RunTime:0.005000s ]
ERR: 无法加载模块:__HOME_IMAGE__

[ 2016-12-16T20:03:43+08:00 ] 127.0.0.1 /__HOME_IMAGE__/renren-login.png
INFO: [ app_init ] --START--
INFO: Run Behavior\BuildLiteBehavior [ RunTime:0.000000s ]
INFO: [ app_init ] --END-- [ RunTime:0.001000s ]
ERR: 无法加载模块:__HOME_IMAGE__

[ 2016-12-16T20:04:21+08:00 ] 127.0.0.1 /__HOME_IMAGE__/sina-login.png
INFO: [ app_init ] --START--
INFO: Run Behavior\BuildLiteBehavior [ RunTime:0.001000s ]
INFO: [ app_init ] --END-- [ RunTime:0.001000s ]
ERR: 无法加载模块:__HOME_IMAGE__

[ 2016-12-16T20:04:21+08:00 ] 127.0.0.1 /__HOME_IMAGE__/douban-login.png
INFO: [ app_init ] --START--
INFO: Run Behavior\BuildLiteBehavior [ RunTime:0.000000s ]
INFO: [ app_init ] --END-- [ RunTime:0.000000s ]
ERR: 无法加载模块:__HOME_IMAGE__

[ 2016-12-16T20:04:21+08:00 ] 127.0.0.1 /__HOME_IMAGE__/renren-login.png
INFO: [ app_init ] --START--
INFO: Run Behavior\BuildLiteBehavior [ RunTime:0.000000s ]
INFO: [ app_init ] --END-- [ RunTime:0.001000s ]
ERR: 无法加载模块:__HOME_IMAGE__

[ 2016-12-16T20:04:21+08:00 ] 127.0.0.1 /__HOME_IMAGE__/kaixin-login.png
INFO: [ app_init ] --START--
INFO: Run Behavior\BuildLiteBehavior [ RunTime:0.000000s ]
INFO: [ app_init ] --END-- [ RunTime:0.005000s ]
ERR: 无法加载模块:__HOME_IMAGE__

[ 2016-12-16T20:04:21+08:00 ] 127.0.0.1 /__HOME_IMAGE__/qq-login.png
INFO: [ app_init ] --START--
INFO: Run Behavior\BuildLiteBehavior [ RunTime:0.000000s ]
INFO: [ app_init ] --END-- [ RunTime:0.001000s ]
ERR: 无法加载模块:__HOME_IMAGE__

[ 2016-12-16T20:04:24+08:00 ] 127.0.0.1 /__HOME_IMAGE__/douban-login.png
INFO: [ app_init ] --START--
INFO: Run Behavior\BuildLiteBehavior [ RunTime:0.000000s ]
INFO: [ app_init ] --END-- [ RunTime:0.001000s ]
ERR: 无法加载模块:__HOME_IMAGE__

[ 2016-12-16T20:04:24+08:00 ] 127.0.0.1 /__HOME_IMAGE__/kaixin-login.png
INFO: [ app_init ] --START--
INFO: Run Behavior\BuildLiteBehavior [ RunTime:0.000000s ]
INFO: [ app_init ] --END-- [ RunTime:0.001000s ]
ERR: 无法加载模块:__HOME_IMAGE__

[ 2016-12-16T20:04:24+08:00 ] 127.0.0.1 /__HOME_IMAGE__/renren-login.png
INFO: [ app_init ] --START--
INFO: Run Behavior\BuildLiteBehavior [ RunTime:0.003000s ]
INFO: [ app_init ] --END-- [ RunTime:0.004000s ]
ERR: 无法加载模块:__HOME_IMAGE__

[ 2016-12-16T20:04:24+08:00 ] 127.0.0.1 /__HOME_IMAGE__/sina-login.png
INFO: [ app_init ] --START--
INFO: Run Behavior\BuildLiteBehavior [ RunTime:0.000000s ]
INFO: [ app_init ] --END-- [ RunTime:0.002000s ]
ERR: 无法加载模块:__HOME_IMAGE__

[ 2016-12-16T20:04:24+08:00 ] 127.0.0.1 /__HOME_IMAGE__/qq-login.png
INFO: [ app_init ] --START--
INFO: Run Behavior\BuildLiteBehavior [ RunTime:0.000000s ]
INFO: [ app_init ] --END-- [ RunTime:0.001000s ]
ERR: 无法加载模块:__HOME_IMAGE__

[ 2016-12-16T20:10:40+08:00 ] 127.0.0.1 /__HOME_IMAGE__/renren-login.png
INFO: [ app_init ] --START--
INFO: Run Behavior\BuildLiteBehavior [ RunTime:0.000000s ]
INFO: [ app_init ] --END-- [ RunTime:0.001000s ]
ERR: 无法加载模块:__HOME_IMAGE__

[ 2016-12-16T20:10:40+08:00 ] 127.0.0.1 /__HOME_IMAGE__/sina-login.png
INFO: [ app_init ] --START--
INFO: Run Behavior\BuildLiteBehavior [ RunTime:0.000000s ]
INFO: [ app_init ] --END-- [ RunTime:0.002000s ]
ERR: 无法加载模块:__HOME_IMAGE__

[ 2016-12-16T20:10:40+08:00 ] 127.0.0.1 /__HOME_IMAGE__/douban-login.png
INFO: [ app_init ] --START--
INFO: Run Behavior\BuildLiteBehavior [ RunTime:0.000000s ]
INFO: [ app_init ] --END-- [ RunTime:0.001000s ]
ERR: 无法加载模块:__HOME_IMAGE__

[ 2016-12-16T20:10:40+08:00 ] 127.0.0.1 /__HOME_IMAGE__/qq-login.png
INFO: [ app_init ] --START--
INFO: Run Behavior\BuildLiteBehavior [ RunTime:0.000000s ]
INFO: [ app_init ] --END-- [ RunTime:0.001001s ]
ERR: 无法加载模块:__HOME_IMAGE__

[ 2016-12-16T20:10:40+08:00 ] 127.0.0.1 /__HOME_IMAGE__/kaixin-login.png
INFO: [ app_init ] --START--
INFO: Run Behavior\BuildLiteBehavior [ RunTime:0.000000s ]
INFO: [ app_init ] --END-- [ RunTime:0.002000s ]
ERR: 无法加载模块:__HOME_IMAGE__

[ 2016-12-16T20:11:14+08:00 ] 127.0.0.1 /__HOME_IMAGE__/qq-login.png
INFO: [ app_init ] --START--
INFO: Run Behavior\BuildLiteBehavior [ RunTime:0.000000s ]
INFO: [ app_init ] --END-- [ RunTime:0.001000s ]
ERR: 无法加载模块:__HOME_IMAGE__

[ 2016-12-16T20:11:14+08:00 ] 127.0.0.1 /__HOME_IMAGE__/kaixin-login.png
INFO: [ app_init ] --START--
INFO: Run Behavior\BuildLiteBehavior [ RunTime:0.000000s ]
INFO: [ app_init ] --END-- [ RunTime:0.003001s ]
ERR: 无法加载模块:__HOME_IMAGE__

[ 2016-12-16T20:11:14+08:00 ] 127.0.0.1 /__HOME_IMAGE__/renren-login.png
INFO: [ app_init ] --START--
INFO: Run Behavior\BuildLiteBehavior [ RunTime:0.001000s ]
INFO: [ app_init ] --END-- [ RunTime:0.007001s ]
ERR: 无法加载模块:__HOME_IMAGE__

[ 2016-12-16T20:11:14+08:00 ] 127.0.0.1 /__HOME_IMAGE__/sina-login.png
INFO: [ app_init ] --START--
INFO: Run Behavior\BuildLiteBehavior [ RunTime:0.000000s ]
INFO: [ app_init ] --END-- [ RunTime:0.006000s ]
ERR: 无法加载模块:__HOME_IMAGE__

[ 2016-12-16T20:11:14+08:00 ] 127.0.0.1 /__HOME_IMAGE__/douban-login.png
INFO: [ app_init ] --START--
INFO: Run Behavior\BuildLiteBehavior [ RunTime:0.000000s ]
INFO: [ app_init ] --END-- [ RunTime:0.002000s ]
ERR: 无法加载模块:__HOME_IMAGE__

[ 2016-12-16T20:11:15+08:00 ] 127.0.0.1 /__HOME_IMAGE__/qq-login.png
INFO: [ app_init ] --START--
INFO: Run Behavior\BuildLiteBehavior [ RunTime:0.000000s ]
INFO: [ app_init ] --END-- [ RunTime:0.001000s ]
ERR: 无法加载模块:__HOME_IMAGE__

[ 2016-12-16T20:11:15+08:00 ] 127.0.0.1 /__HOME_IMAGE__/douban-login.png
INFO: [ app_init ] --START--
INFO: Run Behavior\BuildLiteBehavior [ RunTime:0.000000s ]
INFO: [ app_init ] --END-- [ RunTime:0.001000s ]
ERR: 无法加载模块:__HOME_IMAGE__

[ 2016-12-16T20:11:15+08:00 ] 127.0.0.1 /__HOME_IMAGE__/sina-login.png
INFO: [ app_init ] --START--
INFO: Run Behavior\BuildLiteBehavior [ RunTime:0.000000s ]
INFO: [ app_init ] --END-- [ RunTime:0.001000s ]
ERR: 无法加载模块:__HOME_IMAGE__

[ 2016-12-16T20:11:15+08:00 ] 127.0.0.1 /__HOME_IMAGE__/kaixin-login.png
INFO: [ app_init ] --START--
INFO: Run Behavior\BuildLiteBehavior [ RunTime:0.000000s ]
INFO: [ app_init ] --END-- [ RunTime:0.001000s ]
ERR: 无法加载模块:__HOME_IMAGE__

[ 2016-12-16T20:11:15+08:00 ] 127.0.0.1 /__HOME_IMAGE__/renren-login.png
INFO: [ app_init ] --START--
INFO: Run Behavior\BuildLiteBehavior [ RunTime:0.000000s ]
INFO: [ app_init ] --END-- [ RunTime:0.000000s ]
ERR: 无法加载模块:__HOME_IMAGE__

[ 2016-12-16T20:11:15+08:00 ] 127.0.0.1 /__HOME_IMAGE__/sina-login.png
INFO: [ app_init ] --START--
INFO: Run Behavior\BuildLiteBehavior [ RunTime:0.000000s ]
INFO: [ app_init ] --END-- [ RunTime:0.010000s ]
ERR: 无法加载模块:__HOME_IMAGE__

[ 2016-12-16T20:11:15+08:00 ] 127.0.0.1 /__HOME_IMAGE__/qq-login.png
INFO: [ app_init ] --START--
INFO: Run Behavior\BuildLiteBehavior [ RunTime:0.000000s ]
INFO: [ app_init ] --END-- [ RunTime:0.001000s ]
ERR: 无法加载模块:__HOME_IMAGE__

[ 2016-12-16T20:11:15+08:00 ] 127.0.0.1 /__HOME_IMAGE__/douban-login.png
INFO: [ app_init ] --START--
INFO: Run Behavior\BuildLiteBehavior [ RunTime:0.000000s ]
INFO: [ app_init ] --END-- [ RunTime:0.002000s ]
ERR: 无法加载模块:__HOME_IMAGE__

[ 2016-12-16T20:11:15+08:00 ] 127.0.0.1 /__HOME_IMAGE__/renren-login.png
INFO: [ app_init ] --START--
INFO: Run Behavior\BuildLiteBehavior [ RunTime:0.000000s ]
INFO: [ app_init ] --END-- [ RunTime:0.002001s ]
ERR: 无法加载模块:__HOME_IMAGE__

[ 2016-12-16T20:11:15+08:00 ] 127.0.0.1 /__HOME_IMAGE__/kaixin-login.png
INFO: [ app_init ] --START--
INFO: Run Behavior\BuildLiteBehavior [ RunTime:0.000000s ]
INFO: [ app_init ] --END-- [ RunTime:0.001000s ]
ERR: 无法加载模块:__HOME_IMAGE__

[ 2016-12-16T20:11:58+08:00 ] 127.0.0.1 /__HOME_IMAGE__/douban-login.png
INFO: [ app_init ] --START--
INFO: Run Behavior\BuildLiteBehavior [ RunTime:0.000000s ]
INFO: [ app_init ] --END-- [ RunTime:0.001000s ]
ERR: 无法加载模块:__HOME_IMAGE__

[ 2016-12-16T20:11:58+08:00 ] 127.0.0.1 /__HOME_IMAGE__/sina-login.png
INFO: [ app_init ] --START--
INFO: Run Behavior\BuildLiteBehavior [ RunTime:0.000000s ]
INFO: [ app_init ] --END-- [ RunTime:0.000000s ]
ERR: 无法加载模块:__HOME_IMAGE__

[ 2016-12-16T20:11:58+08:00 ] 127.0.0.1 /__HOME_IMAGE__/qq-login.png
INFO: [ app_init ] --START--
INFO: Run Behavior\BuildLiteBehavior [ RunTime:0.000000s ]
INFO: [ app_init ] --END-- [ RunTime:0.000000s ]
ERR: 无法加载模块:__HOME_IMAGE__

[ 2016-12-16T20:11:58+08:00 ] 127.0.0.1 /__HOME_IMAGE__/renren-login.png
INFO: [ app_init ] --START--
INFO: Run Behavior\BuildLiteBehavior [ RunTime:0.000000s ]
INFO: [ app_init ] --END-- [ RunTime:0.005000s ]
ERR: 无法加载模块:__HOME_IMAGE__

[ 2016-12-16T20:11:58+08:00 ] 127.0.0.1 /__HOME_IMAGE__/kaixin-login.png
INFO: [ app_init ] --START--
INFO: Run Behavior\BuildLiteBehavior [ RunTime:0.000000s ]
INFO: [ app_init ] --END-- [ RunTime:0.001000s ]
ERR: 无法加载模块:__HOME_IMAGE__

[ 2016-12-16T20:12:00+08:00 ] 127.0.0.1 /__HOME_IMAGE__/qq-login.png
INFO: [ app_init ] --START--
INFO: Run Behavior\BuildLiteBehavior [ RunTime:0.000000s ]
INFO: [ app_init ] --END-- [ RunTime:0.001000s ]
ERR: 无法加载模块:__HOME_IMAGE__

[ 2016-12-16T20:12:00+08:00 ] 127.0.0.1 /__HOME_IMAGE__/renren-login.png
INFO: [ app_init ] --START--
INFO: Run Behavior\BuildLiteBehavior [ RunTime:0.000000s ]
INFO: [ app_init ] --END-- [ RunTime:0.003000s ]
ERR: 无法加载模块:__HOME_IMAGE__

[ 2016-12-16T20:12:00+08:00 ] 127.0.0.1 /__HOME_IMAGE__/douban-login.png
INFO: [ app_init ] --START--
INFO: Run Behavior\BuildLiteBehavior [ RunTime:0.000000s ]
INFO: [ app_init ] --END-- [ RunTime:0.002000s ]
ERR: 无法加载模块:__HOME_IMAGE__

[ 2016-12-16T20:12:00+08:00 ] 127.0.0.1 /__HOME_IMAGE__/kaixin-login.png
INFO: [ app_init ] --START--
INFO: Run Behavior\BuildLiteBehavior [ RunTime:0.000000s ]
INFO: [ app_init ] --END-- [ RunTime:0.002000s ]
ERR: 无法加载模块:__HOME_IMAGE__

[ 2016-12-16T20:12:00+08:00 ] 127.0.0.1 /__HOME_IMAGE__/sina-login.png
INFO: [ app_init ] --START--
INFO: Run Behavior\BuildLiteBehavior [ RunTime:0.000000s ]
INFO: [ app_init ] --END-- [ RunTime:0.001000s ]
ERR: 无法加载模块:__HOME_IMAGE__

[ 2016-12-16T20:27:25+08:00 ] 127.0.0.1 /__HOME_IMAGE__/douban-login.png
INFO: [ app_init ] --START--
INFO: Run Behavior\BuildLiteBehavior [ RunTime:0.000000s ]
INFO: [ app_init ] --END-- [ RunTime:0.002000s ]
ERR: 无法加载模块:__HOME_IMAGE__

[ 2016-12-16T20:27:25+08:00 ] 127.0.0.1 /__HOME_IMAGE__/kaixin-login.png
INFO: [ app_init ] --START--
INFO: Run Behavior\BuildLiteBehavior [ RunTime:0.000000s ]
INFO: [ app_init ] --END-- [ RunTime:0.001000s ]
ERR: 无法加载模块:__HOME_IMAGE__

[ 2016-12-16T20:27:25+08:00 ] 127.0.0.1 /__HOME_IMAGE__/renren-login.png
INFO: [ app_init ] --START--
INFO: Run Behavior\BuildLiteBehavior [ RunTime:0.000000s ]
INFO: [ app_init ] --END-- [ RunTime:0.001000s ]
ERR: 无法加载模块:__HOME_IMAGE__

[ 2016-12-16T20:27:25+08:00 ] 127.0.0.1 /__HOME_IMAGE__/sina-login.png
INFO: [ app_init ] --START--
INFO: Run Behavior\BuildLiteBehavior [ RunTime:0.000000s ]
INFO: [ app_init ] --END-- [ RunTime:0.001000s ]
ERR: 无法加载模块:__HOME_IMAGE__

[ 2016-12-16T20:27:25+08:00 ] 127.0.0.1 /__HOME_IMAGE__/qq-login.png
INFO: [ app_init ] --START--
INFO: Run Behavior\BuildLiteBehavior [ RunTime:0.000000s ]
INFO: [ app_init ] --END-- [ RunTime:0.002001s ]
ERR: 无法加载模块:__HOME_IMAGE__

[ 2016-12-16T20:27:30+08:00 ] 127.0.0.1 /__HOME_IMAGE__/douban-login.png
INFO: [ app_init ] --START--
INFO: Run Behavior\BuildLiteBehavior [ RunTime:0.000000s ]
INFO: [ app_init ] --END-- [ RunTime:0.000000s ]
ERR: 无法加载模块:__HOME_IMAGE__

[ 2016-12-16T20:27:30+08:00 ] 127.0.0.1 /__HOME_IMAGE__/qq-login.png
INFO: [ app_init ] --START--
INFO: Run Behavior\BuildLiteBehavior [ RunTime:0.000000s ]
INFO: [ app_init ] --END-- [ RunTime:0.003001s ]
ERR: 无法加载模块:__HOME_IMAGE__

[ 2016-12-16T20:27:30+08:00 ] 127.0.0.1 /__HOME_IMAGE__/sina-login.png
INFO: [ app_init ] --START--
INFO: Run Behavior\BuildLiteBehavior [ RunTime:0.001000s ]
INFO: [ app_init ] --END-- [ RunTime:0.005000s ]
ERR: 无法加载模块:__HOME_IMAGE__

[ 2016-12-16T20:27:30+08:00 ] 127.0.0.1 /__HOME_IMAGE__/renren-login.png
INFO: [ app_init ] --START--
INFO: Run Behavior\BuildLiteBehavior [ RunTime:0.000000s ]
INFO: [ app_init ] --END-- [ RunTime:0.013001s ]
ERR: 无法加载模块:__HOME_IMAGE__

[ 2016-12-16T20:27:30+08:00 ] 127.0.0.1 /__HOME_IMAGE__/kaixin-login.png
INFO: [ app_init ] --START--
INFO: Run Behavior\BuildLiteBehavior [ RunTime:0.000000s ]
INFO: [ app_init ] --END-- [ RunTime:0.003000s ]
ERR: 无法加载模块:__HOME_IMAGE__

[ 2016-12-16T20:27:40+08:00 ] 127.0.0.1 /__HOME_IMAGE__/sina-login.png
INFO: [ app_init ] --START--
INFO: Run Behavior\BuildLiteBehavior [ RunTime:0.000000s ]
INFO: [ app_init ] --END-- [ RunTime:0.002000s ]
ERR: 无法加载模块:__HOME_IMAGE__

[ 2016-12-16T20:27:40+08:00 ] 127.0.0.1 /__HOME_IMAGE__/qq-login.png
INFO: [ app_init ] --START--
INFO: Run Behavior\BuildLiteBehavior [ RunTime:0.000000s ]
INFO: [ app_init ] --END-- [ RunTime:0.000000s ]
ERR: 无法加载模块:__HOME_IMAGE__

[ 2016-12-16T20:27:40+08:00 ] 127.0.0.1 /__HOME_IMAGE__/douban-login.png
INFO: [ app_init ] --START--
INFO: Run Behavior\BuildLiteBehavior [ RunTime:0.000000s ]
INFO: [ app_init ] --END-- [ RunTime:0.000000s ]
ERR: 无法加载模块:__HOME_IMAGE__

[ 2016-12-16T20:27:40+08:00 ] 127.0.0.1 /__HOME_IMAGE__/kaixin-login.png
INFO: [ app_init ] --START--
INFO: Run Behavior\BuildLiteBehavior [ RunTime:0.000000s ]
INFO: [ app_init ] --END-- [ RunTime:0.001000s ]
ERR: 无法加载模块:__HOME_IMAGE__

[ 2016-12-16T20:27:40+08:00 ] 127.0.0.1 /__HOME_IMAGE__/renren-login.png
INFO: [ app_init ] --START--
INFO: Run Behavior\BuildLiteBehavior [ RunTime:0.000000s ]
INFO: [ app_init ] --END-- [ RunTime:0.001000s ]
ERR: 无法加载模块:__HOME_IMAGE__

[ 2016-12-16T20:27:46+08:00 ] 127.0.0.1 /__HOME_IMAGE__/douban-login.png
INFO: [ app_init ] --START--
INFO: Run Behavior\BuildLiteBehavior [ RunTime:0.000000s ]
INFO: [ app_init ] --END-- [ RunTime:0.001000s ]
ERR: 无法加载模块:__HOME_IMAGE__

[ 2016-12-16T20:27:46+08:00 ] 127.0.0.1 /__HOME_IMAGE__/qq-login.png
INFO: [ app_init ] --START--
INFO: Run Behavior\BuildLiteBehavior [ RunTime:0.000000s ]
INFO: [ app_init ] --END-- [ RunTime:0.000000s ]
ERR: 无法加载模块:__HOME_IMAGE__

[ 2016-12-16T20:27:46+08:00 ] 127.0.0.1 /__HOME_IMAGE__/sina-login.png
INFO: [ app_init ] --START--
INFO: Run Behavior\BuildLiteBehavior [ RunTime:0.000000s ]
INFO: [ app_init ] --END-- [ RunTime:0.000000s ]
ERR: 无法加载模块:__HOME_IMAGE__

[ 2016-12-16T20:27:46+08:00 ] 127.0.0.1 /__HOME_IMAGE__/renren-login.png
INFO: [ app_init ] --START--
INFO: Run Behavior\BuildLiteBehavior [ RunTime:0.000000s ]
INFO: [ app_init ] --END-- [ RunTime:0.000000s ]
ERR: 无法加载模块:__HOME_IMAGE__

[ 2016-12-16T20:27:46+08:00 ] 127.0.0.1 /__HOME_IMAGE__/kaixin-login.png
INFO: [ app_init ] --START--
INFO: Run Behavior\BuildLiteBehavior [ RunTime:0.000000s ]
INFO: [ app_init ] --END-- [ RunTime:0.001000s ]
ERR: 无法加载模块:__HOME_IMAGE__

[ 2016-12-16T20:27:47+08:00 ] 127.0.0.1 /__HOME_IMAGE__/qq-login.png
INFO: [ app_init ] --START--
INFO: Run Behavior\BuildLiteBehavior [ RunTime:0.000000s ]
INFO: [ app_init ] --END-- [ RunTime:0.001000s ]
ERR: 无法加载模块:__HOME_IMAGE__

[ 2016-12-16T20:27:47+08:00 ] 127.0.0.1 /__HOME_IMAGE__/kaixin-login.png
INFO: [ app_init ] --START--
INFO: Run Behavior\BuildLiteBehavior [ RunTime:0.000000s ]
INFO: [ app_init ] --END-- [ RunTime:0.002000s ]
ERR: 无法加载模块:__HOME_IMAGE__

[ 2016-12-16T20:27:47+08:00 ] 127.0.0.1 /__HOME_IMAGE__/renren-login.png
INFO: [ app_init ] --START--
INFO: Run Behavior\BuildLiteBehavior [ RunTime:0.000000s ]
INFO: [ app_init ] --END-- [ RunTime:0.001000s ]
ERR: 无法加载模块:__HOME_IMAGE__

[ 2016-12-16T20:27:47+08:00 ] 127.0.0.1 /__HOME_IMAGE__/sina-login.png
INFO: [ app_init ] --START--
INFO: Run Behavior\BuildLiteBehavior [ RunTime:0.000000s ]
INFO: [ app_init ] --END-- [ RunTime:0.001000s ]
ERR: 无法加载模块:__HOME_IMAGE__

[ 2016-12-16T20:27:47+08:00 ] 127.0.0.1 /__HOME_IMAGE__/douban-login.png
INFO: [ app_init ] --START--
INFO: Run Behavior\BuildLiteBehavior [ RunTime:0.000000s ]
INFO: [ app_init ] --END-- [ RunTime:0.002000s ]
ERR: 无法加载模块:__HOME_IMAGE__

[ 2016-12-16T20:27:48+08:00 ] 127.0.0.1 /__HOME_IMAGE__/qq-login.png
INFO: [ app_init ] --START--
INFO: Run Behavior\BuildLiteBehavior [ RunTime:0.000000s ]
INFO: [ app_init ] --END-- [ RunTime:0.022002s ]
ERR: 无法加载模块:__HOME_IMAGE__

[ 2016-12-16T20:27:48+08:00 ] 127.0.0.1 /__HOME_IMAGE__/douban-login.png
INFO: [ app_init ] --START--
INFO: Run Behavior\BuildLiteBehavior [ RunTime:0.000000s ]
INFO: [ app_init ] --END-- [ RunTime:0.004000s ]
ERR: 无法加载模块:__HOME_IMAGE__

[ 2016-12-16T20:27:48+08:00 ] 127.0.0.1 /__HOME_IMAGE__/sina-login.png
INFO: [ app_init ] --START--
INFO: Run Behavior\BuildLiteBehavior [ RunTime:0.000000s ]
INFO: [ app_init ] --END-- [ RunTime:0.001000s ]
ERR: 无法加载模块:__HOME_IMAGE__

[ 2016-12-16T20:27:48+08:00 ] 127.0.0.1 /__HOME_IMAGE__/kaixin-login.png
INFO: [ app_init ] --START--
INFO: Run Behavior\BuildLiteBehavior [ RunTime:0.000000s ]
INFO: [ app_init ] --END-- [ RunTime:0.001000s ]
ERR: 无法加载模块:__HOME_IMAGE__

[ 2016-12-16T20:27:48+08:00 ] 127.0.0.1 /__HOME_IMAGE__/renren-login.png
INFO: [ app_init ] --START--
INFO: Run Behavior\BuildLiteBehavior [ RunTime:0.000000s ]
INFO: [ app_init ] --END-- [ RunTime:0.000000s ]
ERR: 无法加载模块:__HOME_IMAGE__

[ 2016-12-16T20:36:40+08:00 ] 127.0.0.1 /__HOME_IMAGE__/renren-login.png
INFO: [ app_init ] --START--
INFO: Run Behavior\BuildLiteBehavior [ RunTime:0.000000s ]
INFO: [ app_init ] --END-- [ RunTime:0.000000s ]
ERR: 无法加载模块:__HOME_IMAGE__

[ 2016-12-16T20:36:40+08:00 ] 127.0.0.1 /__HOME_IMAGE__/douban-login.png
INFO: [ app_init ] --START--
INFO: Run Behavior\BuildLiteBehavior [ RunTime:0.000000s ]
INFO: [ app_init ] --END-- [ RunTime:0.001000s ]
ERR: 无法加载模块:__HOME_IMAGE__

[ 2016-12-16T20:36:40+08:00 ] 127.0.0.1 /__HOME_IMAGE__/qq-login.png
INFO: [ app_init ] --START--
INFO: Run Behavior\BuildLiteBehavior [ RunTime:0.000000s ]
INFO: [ app_init ] --END-- [ RunTime:0.001000s ]
ERR: 无法加载模块:__HOME_IMAGE__

[ 2016-12-16T20:36:40+08:00 ] 127.0.0.1 /__HOME_IMAGE__/sina-login.png
INFO: [ app_init ] --START--
INFO: Run Behavior\BuildLiteBehavior [ RunTime:0.000000s ]
INFO: [ app_init ] --END-- [ RunTime:0.000000s ]
ERR: 无法加载模块:__HOME_IMAGE__

[ 2016-12-16T20:36:40+08:00 ] 127.0.0.1 /__HOME_IMAGE__/kaixin-login.png
INFO: [ app_init ] --START--
INFO: Run Behavior\BuildLiteBehavior [ RunTime:0.000000s ]
INFO: [ app_init ] --END-- [ RunTime:0.001000s ]
ERR: 无法加载模块:__HOME_IMAGE__

[ 2016-12-16T21:17:31+08:00 ] 127.0.0.1 /article/2
INFO: [ app_init ] --START--
INFO: Run Behavior\BuildLiteBehavior [ RunTime:0.000000s ]
INFO: [ app_init ] --END-- [ RunTime:0.001000s ]
ERR: 无法加载模块:Article

[ 2016-12-16T21:34:43+08:00 ] 127.0.0.1 /__HOME_IMAGE__/sina-login.png
INFO: [ app_init ] --START--
INFO: Run Behavior\BuildLiteBehavior [ RunTime:0.000000s ]
INFO: [ app_init ] --END-- [ RunTime:0.001000s ]
ERR: 无法加载模块:__HOME_IMAGE__

[ 2016-12-16T21:34:43+08:00 ] 127.0.0.1 /__HOME_IMAGE__/qq-login.png
INFO: [ app_init ] --START--
INFO: Run Behavior\BuildLiteBehavior [ RunTime:0.000000s ]
INFO: [ app_init ] --END-- [ RunTime:0.001001s ]
ERR: 无法加载模块:__HOME_IMAGE__

[ 2016-12-16T21:34:43+08:00 ] 127.0.0.1 /__HOME_IMAGE__/douban-login.png
INFO: [ app_init ] --START--
INFO: Run Behavior\BuildLiteBehavior [ RunTime:0.000000s ]
INFO: [ app_init ] --END-- [ RunTime:0.000000s ]
ERR: 无法加载模块:__HOME_IMAGE__

[ 2016-12-16T21:34:43+08:00 ] 127.0.0.1 /__HOME_IMAGE__/renren-login.png
INFO: [ app_init ] --START--
INFO: Run Behavior\BuildLiteBehavior [ RunTime:0.000000s ]
INFO: [ app_init ] --END-- [ RunTime:0.001000s ]
ERR: 无法加载模块:__HOME_IMAGE__

[ 2016-12-16T21:34:43+08:00 ] 127.0.0.1 /__HOME_IMAGE__/kaixin-login.png
INFO: [ app_init ] --START--
INFO: Run Behavior\BuildLiteBehavior [ RunTime:0.000000s ]
INFO: [ app_init ] --END-- [ RunTime:0.000000s ]
ERR: 无法加载模块:__HOME_IMAGE__

[ 2016-12-16T21:39:24+08:00 ] 127.0.0.1 /__HOME_IMAGE__/douban-login.png
INFO: [ app_init ] --START--
INFO: Run Behavior\BuildLiteBehavior [ RunTime:0.000000s ]
INFO: [ app_init ] --END-- [ RunTime:0.001000s ]
ERR: 无法加载模块:__HOME_IMAGE__

[ 2016-12-16T21:39:24+08:00 ] 127.0.0.1 /__HOME_IMAGE__/kaixin-login.png
INFO: [ app_init ] --START--
INFO: Run Behavior\BuildLiteBehavior [ RunTime:0.001000s ]
INFO: [ app_init ] --END-- [ RunTime:0.001000s ]
ERR: 无法加载模块:__HOME_IMAGE__

[ 2016-12-16T21:39:24+08:00 ] 127.0.0.1 /__HOME_IMAGE__/sina-login.png
INFO: [ app_init ] --START--
INFO: Run Behavior\BuildLiteBehavior [ RunTime:0.000000s ]
INFO: [ app_init ] --END-- [ RunTime:0.001001s ]
ERR: 无法加载模块:__HOME_IMAGE__

[ 2016-12-16T21:39:24+08:00 ] 127.0.0.1 /__HOME_IMAGE__/qq-login.png
INFO: [ app_init ] --START--
INFO: Run Behavior\BuildLiteBehavior [ RunTime:0.000000s ]
INFO: [ app_init ] --END-- [ RunTime:0.001000s ]
ERR: 无法加载模块:__HOME_IMAGE__

[ 2016-12-16T21:39:24+08:00 ] 127.0.0.1 /__HOME_IMAGE__/renren-login.png
INFO: [ app_init ] --START--
INFO: Run Behavior\BuildLiteBehavior [ RunTime:0.000000s ]
INFO: [ app_init ] --END-- [ RunTime:0.001000s ]
ERR: 无法加载模块:__HOME_IMAGE__

[ 2016-12-16T21:39:25+08:00 ] 127.0.0.1 /__HOME_IMAGE__/qq-login.png
INFO: [ app_init ] --START--
INFO: Run Behavior\BuildLiteBehavior [ RunTime:0.000000s ]
INFO: [ app_init ] --END-- [ RunTime:0.001000s ]
ERR: 无法加载模块:__HOME_IMAGE__

[ 2016-12-16T21:39:25+08:00 ] 127.0.0.1 /__HOME_IMAGE__/renren-login.png
INFO: [ app_init ] --START--
INFO: Run Behavior\BuildLiteBehavior [ RunTime:0.000000s ]
INFO: [ app_init ] --END-- [ RunTime:0.011000s ]
ERR: 无法加载模块:__HOME_IMAGE__

[ 2016-12-16T21:39:25+08:00 ] 127.0.0.1 /__HOME_IMAGE__/sina-login.png
INFO: [ app_init ] --START--
INFO: Run Behavior\BuildLiteBehavior [ RunTime:0.000000s ]
INFO: [ app_init ] --END-- [ RunTime:0.004000s ]
ERR: 无法加载模块:__HOME_IMAGE__

[ 2016-12-16T21:39:25+08:00 ] 127.0.0.1 /__HOME_IMAGE__/douban-login.png
INFO: [ app_init ] --START--
INFO: Run Behavior\BuildLiteBehavior [ RunTime:0.000000s ]
INFO: [ app_init ] --END-- [ RunTime:0.002000s ]
ERR: 无法加载模块:__HOME_IMAGE__

[ 2016-12-16T21:39:25+08:00 ] 127.0.0.1 /__HOME_IMAGE__/kaixin-login.png
INFO: [ app_init ] --START--
INFO: Run Behavior\BuildLiteBehavior [ RunTime:0.001000s ]
INFO: [ app_init ] --END-- [ RunTime:0.002000s ]
ERR: 无法加载模块:__HOME_IMAGE__

[ 2016-12-16T21:47:26+08:00 ] 127.0.0.1 /__HOME_IMAGE__/sina-login.png
INFO: [ app_init ] --START--
INFO: Run Behavior\BuildLiteBehavior [ RunTime:0.000000s ]
INFO: [ app_init ] --END-- [ RunTime:0.003000s ]
ERR: 无法加载模块:__HOME_IMAGE__

[ 2016-12-16T21:47:26+08:00 ] 127.0.0.1 /__HOME_IMAGE__/qq-login.png
INFO: [ app_init ] --START--
INFO: Run Behavior\BuildLiteBehavior [ RunTime:0.000000s ]
INFO: [ app_init ] --END-- [ RunTime:0.009001s ]
ERR: 无法加载模块:__HOME_IMAGE__

[ 2016-12-16T21:47:26+08:00 ] 127.0.0.1 /__HOME_IMAGE__/renren-login.png
INFO: [ app_init ] --START--
INFO: Run Behavior\BuildLiteBehavior [ RunTime:0.000000s ]
INFO: [ app_init ] --END-- [ RunTime:0.005000s ]
ERR: 无法加载模块:__HOME_IMAGE__

[ 2016-12-16T21:47:26+08:00 ] 127.0.0.1 /__HOME_IMAGE__/douban-login.png
INFO: [ app_init ] --START--
INFO: Run Behavior\BuildLiteBehavior [ RunTime:0.000000s ]
INFO: [ app_init ] --END-- [ RunTime:0.001000s ]
ERR: 无法加载模块:__HOME_IMAGE__

[ 2016-12-16T21:47:26+08:00 ] 127.0.0.1 /__HOME_IMAGE__/kaixin-login.png
INFO: [ app_init ] --START--
INFO: Run Behavior\BuildLiteBehavior [ RunTime:0.000000s ]
INFO: [ app_init ] --END-- [ RunTime:0.001000s ]
ERR: 无法加载模块:__HOME_IMAGE__

[ 2016-12-16T21:47:27+08:00 ] 127.0.0.1 /__HOME_IMAGE__/douban-login.png
INFO: [ app_init ] --START--
INFO: Run Behavior\BuildLiteBehavior [ RunTime:0.000000s ]
INFO: [ app_init ] --END-- [ RunTime:0.003001s ]
ERR: 无法加载模块:__HOME_IMAGE__

[ 2016-12-16T21:47:27+08:00 ] 127.0.0.1 /__HOME_IMAGE__/renren-login.png
INFO: [ app_init ] --START--
INFO: Run Behavior\BuildLiteBehavior [ RunTime:0.000000s ]
INFO: [ app_init ] --END-- [ RunTime:0.000000s ]
ERR: 无法加载模块:__HOME_IMAGE__

[ 2016-12-16T21:47:27+08:00 ] 127.0.0.1 /__HOME_IMAGE__/kaixin-login.png
INFO: [ app_init ] --START--
INFO: Run Behavior\BuildLiteBehavior [ RunTime:0.000000s ]
INFO: [ app_init ] --END-- [ RunTime:0.001000s ]
ERR: 无法加载模块:__HOME_IMAGE__

[ 2016-12-16T21:47:27+08:00 ] 127.0.0.1 /__HOME_IMAGE__/qq-login.png
INFO: [ app_init ] --START--
INFO: Run Behavior\BuildLiteBehavior [ RunTime:0.000000s ]
INFO: [ app_init ] --END-- [ RunTime:0.002000s ]
ERR: 无法加载模块:__HOME_IMAGE__

[ 2016-12-16T21:47:27+08:00 ] 127.0.0.1 /__HOME_IMAGE__/sina-login.png
INFO: [ app_init ] --START--
INFO: Run Behavior\BuildLiteBehavior [ RunTime:0.000000s ]
INFO: [ app_init ] --END-- [ RunTime:0.006001s ]
ERR: 无法加载模块:__HOME_IMAGE__

[ 2016-12-16T21:49:17+08:00 ] 127.0.0.1 /__HOME_IMAGE__/sina-login.png
INFO: [ app_init ] --START--
INFO: Run Behavior\BuildLiteBehavior [ RunTime:0.000000s ]
INFO: [ app_init ] --END-- [ RunTime:0.001001s ]
ERR: 无法加载模块:__HOME_IMAGE__

[ 2016-12-16T21:49:17+08:00 ] 127.0.0.1 /__HOME_IMAGE__/kaixin-login.png
INFO: [ app_init ] --START--
INFO: Run Behavior\BuildLiteBehavior [ RunTime:0.000000s ]
INFO: [ app_init ] --END-- [ RunTime:0.000000s ]
ERR: 无法加载模块:__HOME_IMAGE__

[ 2016-12-16T21:49:17+08:00 ] 127.0.0.1 /__HOME_IMAGE__/douban-login.png
INFO: [ app_init ] --START--
INFO: Run Behavior\BuildLiteBehavior [ RunTime:0.000000s ]
INFO: [ app_init ] --END-- [ RunTime:0.004000s ]
ERR: 无法加载模块:__HOME_IMAGE__

[ 2016-12-16T21:49:17+08:00 ] 127.0.0.1 /__HOME_IMAGE__/renren-login.png
INFO: [ app_init ] --START--
INFO: Run Behavior\BuildLiteBehavior [ RunTime:0.000000s ]
INFO: [ app_init ] --END-- [ RunTime:0.000000s ]
ERR: 无法加载模块:__HOME_IMAGE__

[ 2016-12-16T21:49:17+08:00 ] 127.0.0.1 /__HOME_IMAGE__/qq-login.png
INFO: [ app_init ] --START--
INFO: Run Behavior\BuildLiteBehavior [ RunTime:0.000000s ]
INFO: [ app_init ] --END-- [ RunTime:0.001000s ]
ERR: 无法加载模块:__HOME_IMAGE__

[ 2016-12-16T21:49:20+08:00 ] 127.0.0.1 /__HOME_IMAGE__/qq-login.png
INFO: [ app_init ] --START--
INFO: Run Behavior\BuildLiteBehavior [ RunTime:0.000000s ]
INFO: [ app_init ] --END-- [ RunTime:0.001000s ]
ERR: 无法加载模块:__HOME_IMAGE__

[ 2016-12-16T21:49:20+08:00 ] 127.0.0.1 /__HOME_IMAGE__/renren-login.png
INFO: [ app_init ] --START--
INFO: Run Behavior\BuildLiteBehavior [ RunTime:0.000000s ]
INFO: [ app_init ] --END-- [ RunTime:0.001000s ]
ERR: 无法加载模块:__HOME_IMAGE__

[ 2016-12-16T21:49:20+08:00 ] 127.0.0.1 /__HOME_IMAGE__/kaixin-login.png
INFO: [ app_init ] --START--
INFO: Run Behavior\BuildLiteBehavior [ RunTime:0.000000s ]
INFO: [ app_init ] --END-- [ RunTime:0.001000s ]
ERR: 无法加载模块:__HOME_IMAGE__

[ 2016-12-16T21:49:20+08:00 ] 127.0.0.1 /__HOME_IMAGE__/sina-login.png
INFO: [ app_init ] --START--
INFO: Run Behavior\BuildLiteBehavior [ RunTime:0.000000s ]
INFO: [ app_init ] --END-- [ RunTime:0.000000s ]
ERR: 无法加载模块:__HOME_IMAGE__

[ 2016-12-16T21:49:20+08:00 ] 127.0.0.1 /__HOME_IMAGE__/douban-login.png
INFO: [ app_init ] --START--
INFO: Run Behavior\BuildLiteBehavior [ RunTime:0.000000s ]
INFO: [ app_init ] --END-- [ RunTime:0.001000s ]
ERR: 无法加载模块:__HOME_IMAGE__

[ 2016-12-16T21:49:25+08:00 ] 127.0.0.1 /__HOME_IMAGE__/renren-login.png
INFO: [ app_init ] --START--
INFO: Run Behavior\BuildLiteBehavior [ RunTime:0.001000s ]
INFO: [ app_init ] --END-- [ RunTime:0.001000s ]
ERR: 无法加载模块:__HOME_IMAGE__

[ 2016-12-16T21:49:25+08:00 ] 127.0.0.1 /__HOME_IMAGE__/douban-login.png
INFO: [ app_init ] --START--
INFO: Run Behavior\BuildLiteBehavior [ RunTime:0.000000s ]
INFO: [ app_init ] --END-- [ RunTime:0.000000s ]
ERR: 无法加载模块:__HOME_IMAGE__

[ 2016-12-16T21:49:25+08:00 ] 127.0.0.1 /__HOME_IMAGE__/kaixin-login.png
INFO: [ app_init ] --START--
INFO: Run Behavior\BuildLiteBehavior [ RunTime:0.000000s ]
INFO: [ app_init ] --END-- [ RunTime:0.001000s ]
ERR: 无法加载模块:__HOME_IMAGE__

[ 2016-12-16T21:49:25+08:00 ] 127.0.0.1 /__HOME_IMAGE__/qq-login.png
INFO: [ app_init ] --START--
INFO: Run Behavior\BuildLiteBehavior [ RunTime:0.000000s ]
INFO: [ app_init ] --END-- [ RunTime:0.007000s ]
ERR: 无法加载模块:__HOME_IMAGE__

[ 2016-12-16T21:49:25+08:00 ] 127.0.0.1 /__HOME_IMAGE__/sina-login.png
INFO: [ app_init ] --START--
INFO: Run Behavior\BuildLiteBehavior [ RunTime:0.000000s ]
INFO: [ app_init ] --END-- [ RunTime:0.001001s ]
ERR: 无法加载模块:__HOME_IMAGE__

[ 2016-12-16T21:49:36+08:00 ] 127.0.0.1 /__HOME_IMAGE__/sina-login.png
INFO: [ app_init ] --START--
INFO: Run Behavior\BuildLiteBehavior [ RunTime:0.000000s ]
INFO: [ app_init ] --END-- [ RunTime:0.003001s ]
ERR: 无法加载模块:__HOME_IMAGE__

[ 2016-12-16T21:49:36+08:00 ] 127.0.0.1 /__HOME_IMAGE__/qq-login.png
INFO: [ app_init ] --START--
INFO: Run Behavior\BuildLiteBehavior [ RunTime:0.000000s ]
INFO: [ app_init ] --END-- [ RunTime:0.000000s ]
ERR: 无法加载模块:__HOME_IMAGE__

[ 2016-12-16T21:49:36+08:00 ] 127.0.0.1 /__HOME_IMAGE__/renren-login.png
INFO: [ app_init ] --START--
INFO: Run Behavior\BuildLiteBehavior [ RunTime:0.000000s ]
INFO: [ app_init ] --END-- [ RunTime:0.004000s ]
ERR: 无法加载模块:__HOME_IMAGE__

[ 2016-12-16T21:49:36+08:00 ] 127.0.0.1 /__HOME_IMAGE__/douban-login.png
INFO: [ app_init ] --START--
INFO: Run Behavior\BuildLiteBehavior [ RunTime:0.000000s ]
INFO: [ app_init ] --END-- [ RunTime:0.001000s ]
ERR: 无法加载模块:__HOME_IMAGE__

[ 2016-12-16T21:49:36+08:00 ] 127.0.0.1 /__HOME_IMAGE__/kaixin-login.png
INFO: [ app_init ] --START--
INFO: Run Behavior\BuildLiteBehavior [ RunTime:0.000000s ]
INFO: [ app_init ] --END-- [ RunTime:0.006000s ]
ERR: 无法加载模块:__HOME_IMAGE__

[ 2016-12-16T21:49:39+08:00 ] 127.0.0.1 /__HOME_IMAGE__/sina-login.png
INFO: [ app_init ] --START--
INFO: Run Behavior\BuildLiteBehavior [ RunTime:0.000000s ]
INFO: [ app_init ] --END-- [ RunTime:0.001000s ]
ERR: 无法加载模块:__HOME_IMAGE__

[ 2016-12-16T21:49:39+08:00 ] 127.0.0.1 /__HOME_IMAGE__/qq-login.png
INFO: [ app_init ] --START--
INFO: Run Behavior\BuildLiteBehavior [ RunTime:0.000000s ]
INFO: [ app_init ] --END-- [ RunTime:0.001000s ]
ERR: 无法加载模块:__HOME_IMAGE__

[ 2016-12-16T21:49:40+08:00 ] 127.0.0.1 /__HOME_IMAGE__/douban-login.png
INFO: [ app_init ] --START--
INFO: Run Behavior\BuildLiteBehavior [ RunTime:0.000000s ]
INFO: [ app_init ] --END-- [ RunTime:0.000000s ]
ERR: 无法加载模块:__HOME_IMAGE__

[ 2016-12-16T21:49:40+08:00 ] 127.0.0.1 /__HOME_IMAGE__/renren-login.png
INFO: [ app_init ] --START--
INFO: Run Behavior\BuildLiteBehavior [ RunTime:0.000000s ]
INFO: [ app_init ] --END-- [ RunTime:0.034002s ]
ERR: 无法加载模块:__HOME_IMAGE__

[ 2016-12-16T21:49:40+08:00 ] 127.0.0.1 /__HOME_IMAGE__/kaixin-login.png
INFO: [ app_init ] --START--
INFO: Run Behavior\BuildLiteBehavior [ RunTime:0.000000s ]
INFO: [ app_init ] --END-- [ RunTime:0.001000s ]
ERR: 无法加载模块:__HOME_IMAGE__

[ 2016-12-16T21:50:21+08:00 ] 127.0.0.1 /__HOME_IMAGE__/kaixin-login.png
INFO: [ app_init ] --START--
INFO: Run Behavior\BuildLiteBehavior [ RunTime:0.000000s ]
INFO: [ app_init ] --END-- [ RunTime:0.001000s ]
ERR: 无法加载模块:__HOME_IMAGE__

[ 2016-12-16T21:50:21+08:00 ] 127.0.0.1 /__HOME_IMAGE__/sina-login.png
INFO: [ app_init ] --START--
INFO: Run Behavior\BuildLiteBehavior [ RunTime:0.000000s ]
INFO: [ app_init ] --END-- [ RunTime:0.016001s ]
ERR: 无法加载模块:__HOME_IMAGE__

[ 2016-12-16T21:50:21+08:00 ] 127.0.0.1 /__HOME_IMAGE__/renren-login.png
INFO: [ app_init ] --START--
INFO: Run Behavior\BuildLiteBehavior [ RunTime:0.000000s ]
INFO: [ app_init ] --END-- [ RunTime:0.001000s ]
ERR: 无法加载模块:__HOME_IMAGE__

[ 2016-12-16T21:50:21+08:00 ] 127.0.0.1 /__HOME_IMAGE__/douban-login.png
INFO: [ app_init ] --START--
INFO: Run Behavior\BuildLiteBehavior [ RunTime:0.000000s ]
INFO: [ app_init ] --END-- [ RunTime:0.000000s ]
ERR: 无法加载模块:__HOME_IMAGE__

[ 2016-12-16T21:50:21+08:00 ] 127.0.0.1 /__HOME_IMAGE__/qq-login.png
INFO: [ app_init ] --START--
INFO: Run Behavior\BuildLiteBehavior [ RunTime:0.000000s ]
INFO: [ app_init ] --END-- [ RunTime:0.007000s ]
ERR: 无法加载模块:__HOME_IMAGE__

[ 2016-12-16T21:50:42+08:00 ] 127.0.0.1 /__HOME_IMAGE__/renren-login.png
INFO: [ app_init ] --START--
INFO: Run Behavior\BuildLiteBehavior [ RunTime:0.000000s ]
INFO: [ app_init ] --END-- [ RunTime:0.001000s ]
ERR: 无法加载模块:__HOME_IMAGE__

[ 2016-12-16T21:50:42+08:00 ] 127.0.0.1 /__HOME_IMAGE__/douban-login.png
INFO: [ app_init ] --START--
INFO: Run Behavior\BuildLiteBehavior [ RunTime:0.000000s ]
INFO: [ app_init ] --END-- [ RunTime:0.001000s ]
ERR: 无法加载模块:__HOME_IMAGE__

[ 2016-12-16T21:50:42+08:00 ] 127.0.0.1 /__HOME_IMAGE__/sina-login.png
INFO: [ app_init ] --START--
INFO: Run Behavior\BuildLiteBehavior [ RunTime:0.000000s ]
INFO: [ app_init ] --END-- [ RunTime:0.012000s ]
ERR: 无法加载模块:__HOME_IMAGE__

[ 2016-12-16T21:50:42+08:00 ] 127.0.0.1 /__HOME_IMAGE__/qq-login.png
INFO: [ app_init ] --START--
INFO: Run Behavior\BuildLiteBehavior [ RunTime:0.000000s ]
INFO: [ app_init ] --END-- [ RunTime:0.025001s ]
ERR: 无法加载模块:__HOME_IMAGE__

[ 2016-12-16T21:50:42+08:00 ] 127.0.0.1 /__HOME_IMAGE__/kaixin-login.png
INFO: [ app_init ] --START--
INFO: Run Behavior\BuildLiteBehavior [ RunTime:0.000000s ]
INFO: [ app_init ] --END-- [ RunTime:0.001000s ]
ERR: 无法加载模块:__HOME_IMAGE__

[ 2016-12-16T21:51:20+08:00 ] 127.0.0.1 /__HOME_IMAGE__/qq-login.png
INFO: [ app_init ] --START--
INFO: Run Behavior\BuildLiteBehavior [ RunTime:0.000000s ]
INFO: [ app_init ] --END-- [ RunTime:0.001000s ]
ERR: 无法加载模块:__HOME_IMAGE__

[ 2016-12-16T21:51:20+08:00 ] 127.0.0.1 /__HOME_IMAGE__/renren-login.png
INFO: [ app_init ] --START--
INFO: Run Behavior\BuildLiteBehavior [ RunTime:0.000000s ]
INFO: [ app_init ] --END-- [ RunTime:0.001000s ]
ERR: 无法加载模块:__HOME_IMAGE__

[ 2016-12-16T21:51:20+08:00 ] 127.0.0.1 /__HOME_IMAGE__/sina-login.png
INFO: [ app_init ] --START--
INFO: Run Behavior\BuildLiteBehavior [ RunTime:0.000000s ]
INFO: [ app_init ] --END-- [ RunTime:0.010000s ]
ERR: 无法加载模块:__HOME_IMAGE__

[ 2016-12-16T21:51:20+08:00 ] 127.0.0.1 /__HOME_IMAGE__/douban-login.png
INFO: [ app_init ] --START--
INFO: Run Behavior\BuildLiteBehavior [ RunTime:0.000000s ]
INFO: [ app_init ] --END-- [ RunTime:0.001001s ]
ERR: 无法加载模块:__HOME_IMAGE__

[ 2016-12-16T21:51:20+08:00 ] 127.0.0.1 /__HOME_IMAGE__/kaixin-login.png
INFO: [ app_init ] --START--
INFO: Run Behavior\BuildLiteBehavior [ RunTime:0.000000s ]
INFO: [ app_init ] --END-- [ RunTime:0.002000s ]
ERR: 无法加载模块:__HOME_IMAGE__

[ 2016-12-16T21:51:48+08:00 ] 127.0.0.1 /__HOME_IMAGE__/qq-login.png
INFO: [ app_init ] --START--
INFO: Run Behavior\BuildLiteBehavior [ RunTime:0.000000s ]
INFO: [ app_init ] --END-- [ RunTime:0.000000s ]
ERR: 无法加载模块:__HOME_IMAGE__

[ 2016-12-16T21:51:48+08:00 ] 127.0.0.1 /__HOME_IMAGE__/douban-login.png
INFO: [ app_init ] --START--
INFO: Run Behavior\BuildLiteBehavior [ RunTime:0.000000s ]
INFO: [ app_init ] --END-- [ RunTime:0.001000s ]
ERR: 无法加载模块:__HOME_IMAGE__

[ 2016-12-16T21:51:48+08:00 ] 127.0.0.1 /__HOME_IMAGE__/renren-login.png
INFO: [ app_init ] --START--
INFO: Run Behavior\BuildLiteBehavior [ RunTime:0.000000s ]
INFO: [ app_init ] --END-- [ RunTime:0.001000s ]
ERR: 无法加载模块:__HOME_IMAGE__

[ 2016-12-16T21:51:48+08:00 ] 127.0.0.1 /__HOME_IMAGE__/kaixin-login.png
INFO: [ app_init ] --START--
INFO: Run Behavior\BuildLiteBehavior [ RunTime:0.000000s ]
INFO: [ app_init ] --END-- [ RunTime:0.000000s ]
ERR: 无法加载模块:__HOME_IMAGE__

[ 2016-12-16T21:51:48+08:00 ] 127.0.0.1 /__HOME_IMAGE__/sina-login.png
INFO: [ app_init ] --START--
INFO: Run Behavior\BuildLiteBehavior [ RunTime:0.001000s ]
INFO: [ app_init ] --END-- [ RunTime:0.001000s ]
ERR: 无法加载模块:__HOME_IMAGE__

[ 2016-12-16T21:54:50+08:00 ] 127.0.0.1 /__HOME_IMAGE__/qq-login.png
INFO: [ app_init ] --START--
INFO: Run Behavior\BuildLiteBehavior [ RunTime:0.000000s ]
INFO: [ app_init ] --END-- [ RunTime:0.001000s ]
ERR: 无法加载模块:__HOME_IMAGE__

[ 2016-12-16T21:54:50+08:00 ] 127.0.0.1 /__HOME_IMAGE__/sina-login.png
INFO: [ app_init ] --START--
INFO: Run Behavior\BuildLiteBehavior [ RunTime:0.000000s ]
INFO: [ app_init ] --END-- [ RunTime:0.001000s ]
ERR: 无法加载模块:__HOME_IMAGE__

[ 2016-12-16T21:54:50+08:00 ] 127.0.0.1 /__HOME_IMAGE__/douban-login.png
INFO: [ app_init ] --START--
INFO: Run Behavior\BuildLiteBehavior [ RunTime:0.000000s ]
INFO: [ app_init ] --END-- [ RunTime:0.001000s ]
ERR: 无法加载模块:__HOME_IMAGE__

[ 2016-12-16T21:54:50+08:00 ] 127.0.0.1 /__HOME_IMAGE__/kaixin-login.png
INFO: [ app_init ] --START--
INFO: Run Behavior\BuildLiteBehavior [ RunTime:0.000000s ]
INFO: [ app_init ] --END-- [ RunTime:0.000000s ]
ERR: 无法加载模块:__HOME_IMAGE__

[ 2016-12-16T21:54:50+08:00 ] 127.0.0.1 /__HOME_IMAGE__/renren-login.png
INFO: [ app_init ] --START--
INFO: Run Behavior\BuildLiteBehavior [ RunTime:0.000000s ]
INFO: [ app_init ] --END-- [ RunTime:0.001000s ]
ERR: 无法加载模块:__HOME_IMAGE__

[ 2016-12-16T21:54:54+08:00 ] 127.0.0.1 /__HOME_IMAGE__/sina-login.png
INFO: [ app_init ] --START--
INFO: Run Behavior\BuildLiteBehavior [ RunTime:0.000000s ]
INFO: [ app_init ] --END-- [ RunTime:0.001000s ]
ERR: 无法加载模块:__HOME_IMAGE__

[ 2016-12-16T21:54:54+08:00 ] 127.0.0.1 /__HOME_IMAGE__/douban-login.png
INFO: [ app_init ] --START--
INFO: Run Behavior\BuildLiteBehavior [ RunTime:0.000000s ]
INFO: [ app_init ] --END-- [ RunTime:0.001000s ]
ERR: 无法加载模块:__HOME_IMAGE__

[ 2016-12-16T21:54:54+08:00 ] 127.0.0.1 /__HOME_IMAGE__/renren-login.png
INFO: [ app_init ] --START--
INFO: Run Behavior\BuildLiteBehavior [ RunTime:0.000000s ]
INFO: [ app_init ] --END-- [ RunTime:0.025001s ]
ERR: 无法加载模块:__HOME_IMAGE__

[ 2016-12-16T21:54:54+08:00 ] 127.0.0.1 /__HOME_IMAGE__/kaixin-login.png
INFO: [ app_init ] --START--
INFO: Run Behavior\BuildLiteBehavior [ RunTime:0.000000s ]
INFO: [ app_init ] --END-- [ RunTime:0.001000s ]
ERR: 无法加载模块:__HOME_IMAGE__

[ 2016-12-16T21:54:54+08:00 ] 127.0.0.1 /__HOME_IMAGE__/qq-login.png
INFO: [ app_init ] --START--
INFO: Run Behavior\BuildLiteBehavior [ RunTime:0.000000s ]
INFO: [ app_init ] --END-- [ RunTime:0.042003s ]
ERR: 无法加载模块:__HOME_IMAGE__

