[ 2017-01-04T19:36:25+08:00 ] 127.0.0.1 /__HOME_IMAGE__/qq-login.png
INFO: [ app_init ] --START--
INFO: Run Behavior\BuildLiteBehavior [ RunTime:0.000051s ]
INFO: [ app_init ] --END-- [ RunTime:0.000609s ]
ERR: 无法加载模块:__HOME_IMAGE__

[ 2017-01-04T19:36:25+08:00 ] 127.0.0.1 /__HOME_IMAGE__/sina-login.png
INFO: [ app_init ] --START--
INFO: Run Behavior\BuildLiteBehavior [ RunTime:0.000050s ]
INFO: [ app_init ] --END-- [ RunTime:0.000640s ]
ERR: 无法加载模块:__HOME_IMAGE__

[ 2017-01-04T19:36:25+08:00 ] 127.0.0.1 /__HOME_IMAGE__/douban-login.png
INFO: [ app_init ] --START--
INFO: Run Behavior\BuildLiteBehavior [ RunTime:0.000043s ]
INFO: [ app_init ] --END-- [ RunTime:0.000586s ]
ERR: 无法加载模块:__HOME_IMAGE__

[ 2017-01-04T19:36:25+08:00 ] 127.0.0.1 /__HOME_IMAGE__/kaixin-login.png
INFO: [ app_init ] --START--
INFO: Run Behavior\BuildLiteBehavior [ RunTime:0.000062s ]
INFO: [ app_init ] --END-- [ RunTime:0.000670s ]
ERR: 无法加载模块:__HOME_IMAGE__

[ 2017-01-04T19:36:25+08:00 ] 127.0.0.1 /__HOME_IMAGE__/renren-login.png
INFO: [ app_init ] --START--
INFO: Run Behavior\BuildLiteBehavior [ RunTime:0.000053s ]
INFO: [ app_init ] --END-- [ RunTime:0.000702s ]
ERR: 无法加载模块:__HOME_IMAGE__

[ 2017-01-04T19:36:28+08:00 ] 127.0.0.1 /__HOME_IMAGE__/qq-login.png
INFO: [ app_init ] --START--
INFO: Run Behavior\BuildLiteBehavior [ RunTime:0.000045s ]
INFO: [ app_init ] --END-- [ RunTime:0.000580s ]
ERR: 无法加载模块:__HOME_IMAGE__

[ 2017-01-04T19:36:28+08:00 ] 127.0.0.1 /__HOME_IMAGE__/sina-login.png
INFO: [ app_init ] --START--
INFO: Run Behavior\BuildLiteBehavior [ RunTime:0.000057s ]
INFO: [ app_init ] --END-- [ RunTime:0.000659s ]
ERR: 无法加载模块:__HOME_IMAGE__

[ 2017-01-04T19:36:28+08:00 ] 127.0.0.1 /__HOME_IMAGE__/douban-login.png
INFO: [ app_init ] --START--
INFO: Run Behavior\BuildLiteBehavior [ RunTime:0.000104s ]
INFO: [ app_init ] --END-- [ RunTime:0.000861s ]
ERR: 无法加载模块:__HOME_IMAGE__

[ 2017-01-04T19:36:28+08:00 ] 127.0.0.1 /__HOME_IMAGE__/renren-login.png
INFO: [ app_init ] --START--
INFO: Run Behavior\BuildLiteBehavior [ RunTime:0.000055s ]
INFO: [ app_init ] --END-- [ RunTime:0.000859s ]
ERR: 无法加载模块:__HOME_IMAGE__

[ 2017-01-04T19:36:28+08:00 ] 127.0.0.1 /__HOME_IMAGE__/kaixin-login.png
INFO: [ app_init ] --START--
INFO: Run Behavior\BuildLiteBehavior [ RunTime:0.000104s ]
INFO: [ app_init ] --END-- [ RunTime:0.000792s ]
ERR: 无法加载模块:__HOME_IMAGE__

[ 2017-01-04T19:36:29+08:00 ] 127.0.0.1 /__HOME_IMAGE__/qq-login.png
INFO: [ app_init ] --START--
INFO: Run Behavior\BuildLiteBehavior [ RunTime:0.000055s ]
INFO: [ app_init ] --END-- [ RunTime:0.000671s ]
ERR: 无法加载模块:__HOME_IMAGE__

[ 2017-01-04T19:36:29+08:00 ] 127.0.0.1 /__HOME_IMAGE__/sina-login.png
INFO: [ app_init ] --START--
INFO: Run Behavior\BuildLiteBehavior [ RunTime:0.000052s ]
INFO: [ app_init ] --END-- [ RunTime:0.000643s ]
ERR: 无法加载模块:__HOME_IMAGE__

[ 2017-01-04T19:36:29+08:00 ] 127.0.0.1 /__HOME_IMAGE__/douban-login.png
INFO: [ app_init ] --START--
INFO: Run Behavior\BuildLiteBehavior [ RunTime:0.000055s ]
INFO: [ app_init ] --END-- [ RunTime:0.000654s ]
ERR: 无法加载模块:__HOME_IMAGE__

[ 2017-01-04T19:36:29+08:00 ] 127.0.0.1 /__HOME_IMAGE__/renren-login.png
INFO: [ app_init ] --START--
INFO: Run Behavior\BuildLiteBehavior [ RunTime:0.000052s ]
INFO: [ app_init ] --END-- [ RunTime:0.000734s ]
ERR: 无法加载模块:__HOME_IMAGE__

[ 2017-01-04T19:36:29+08:00 ] 127.0.0.1 /__HOME_IMAGE__/kaixin-login.png
INFO: [ app_init ] --START--
INFO: Run Behavior\BuildLiteBehavior [ RunTime:0.000076s ]
INFO: [ app_init ] --END-- [ RunTime:0.000746s ]
ERR: 无法加载模块:__HOME_IMAGE__

